[debug] [2020-05-08T09:09:05.376Z] ----------------------------------------------------------------------
[debug] [2020-05-08T09:09:05.378Z] Command:       C:\Program Files\nodejs\node.exe C:\Users\Shark\AppData\Roaming\npm\node_modules\firebase-tools\lib\bin\firebase.js emulators:start --only firestore
[debug] [2020-05-08T09:09:05.378Z] CLI Version:   8.2.0
[debug] [2020-05-08T09:09:05.378Z] Platform:      win32
[debug] [2020-05-08T09:09:05.378Z] Node Version:  v10.16.3
[debug] [2020-05-08T09:09:05.380Z] Time:          Fri May 08 2020 11:09:05 GMT+0200 (Central European Summer Time)
[debug] [2020-05-08T09:09:05.380Z] ----------------------------------------------------------------------
[debug] [2020-05-08T09:09:05.380Z] 
[debug] [2020-05-08T09:09:05.388Z] > command requires scopes: ["email","openid","https://www.googleapis.com/auth/cloudplatformprojects.readonly","https://www.googleapis.com/auth/firebase","https://www.googleapis.com/auth/cloud-platform"]
[debug] [2020-05-08T09:09:05.388Z] > authorizing via signed-in user
[info] i  emulators: Starting emulators: firestore
[debug] [2020-05-08T09:09:07.417Z] [hub] writing locator at C:\Users\Shark\AppData\Local\Temp\hub-feast-782f3.json
[info] +  hub: emulator hub started at http://localhost:4400
[debug] [2020-05-08T09:09:09.432Z] Ignoring unsupported arg: projectId
[debug] [2020-05-08T09:09:09.432Z] Ignoring unsupported arg: auto_download
[debug] [2020-05-08T09:09:09.432Z] Starting firestore emulator with command {"binary":"java","args":["-Duser.language=en","-jar","C:\\Users\\Shark\\.cache\\firebase\\emulators\\cloud-firestore-emulator-v1.11.3.jar","--host","localhost","--port",8080,"--rules","D:\\Dokumenter\\repos\\Angular\\feast-Functions\\firestore.rules"],"optionalArgs":["port","webchannel_port","host","rules","functions_emulator","seed_from_export"],"joinArgs":false}
[info] i  firestore: firestore emulator logging to firestore-debug.log
[debug] [2020-05-08T09:09:10.804Z] API endpoint: http://
[debug] [2020-05-08T09:09:10.804Z] localhost:8080
If you are using a library that supports the FIRESTORE_EMULATOR_HOST environment variable, run:

   export FIRESTORE_EMULATOR_HOST=localhost:8080

Dev App Server is now running.


[info] +  firestore: firestore emulator started at http://localhost:8080
[info] i  firestore: For testing set FIRESTORE_EMULATOR_HOST=localhost:8080
[info] +  emulators: All emulators started, it is now safe to connect.
[debug] [2020-05-08T09:09:29.999Z] May 08, 2020 11:09:29 AM io.gapi.emulators.netty.HttpVersionRoutingHandler channelRead
INFO: Detected HTTP/2 connection.

[debug] [2020-05-08T09:09:30.859Z] May 08, 2020 11:09:30 AM io.gapi.emulators.netty.HttpVersionRoutingHandler channelRead
INFO: Detected HTTP/2 connection.

[debug] [2020-05-08T09:15:36.458Z] May 08, 2020 11:15:36 AM io.netty.channel.DefaultChannelPipeline onUnhandledInboundException
WARNING: An exceptionCaught() event was fired, and it reached at the tail of the pipeline. It usually means the last handler in the pipeline did not handle the exception.
java.io.IOException: An existing connection was forcibly closed by the remote host
	at java.base/sun.nio.ch.SocketDispatcher.read0(Native Method)
	at java.base/sun.nio.ch.SocketDispatcher.read(Unknown Source)
	at java.base/sun.nio.ch.IOUtil.readIntoNativeBuffer(Unknown Source)
	at java.base/sun.nio.ch.IOUtil.read(Unknown Source)
	at java.base/sun.nio.ch.IOUtil.read(Unknown Source)
	at java.base/sun.nio.ch.SocketChannelImpl.read(Unknown Source)
	at io.netty.buffer.PooledByteBuf.setBytes(PooledByteBuf.java:253)
	at io.netty.buffer.AbstractByteBuf.writeBytes(AbstractByteBuf.java:1133)
	at io.netty.channel.socket.nio.NioSocketChannel.doReadBytes(NioSocketChannel.java:350)
	at io.netty.channel.nio.AbstractNioByteChannel$NioByteUnsafe.read(AbstractNioByteChannel.java:148)
	at io.netty.channel.nio.NioEventLoop.processSelectedKey(NioEventLoop.java:714)
	at io.netty.channel.nio.NioEventLoop.processSelectedKeysOptimized(NioEventLoop.java:650)
	at io.netty.channel.nio.NioEventLoop.processSelectedKeys(NioEventLoop.java:576)
	at io.netty.channel.nio.NioEventLoop.run(NioEventLoop.java:493)
	at io.netty.util.concurrent.SingleThreadEventExecutor$4.run(SingleThreadEventExecutor.java:989)
	at io.netty.util.internal.ThreadExecutorMap$2.run(ThreadExecutorMap.java:74)
	at io.netty.util.concurrent.FastThreadLocalRunnable.run(FastThreadLocalRunnable.java:30)
	at java.base/java.lang.Thread.run(Unknown Source)


[debug] [2020-05-08T09:15:36.458Z] May 08, 2020 11:15:36 AM io.netty.channel.DefaultChannelPipeline onUnhandledInboundException
WARNING: An exceptionCaught() event was fired, and it reached at the tail of the pipeline. It usually means the last handler in the pipeline did not handle the exception.
java.io.IOException: An existing connection was forcibly closed by the remote host
	at java.base/sun.nio.ch.SocketDispatcher.read0(Native Method)
	at java.base/sun.nio.ch.SocketDispatcher.read(Unknown Source)
	at java.base/sun.nio.ch.IOUtil.readIntoNativeBuffer(Unknown Source)
	at java.base/sun.nio.ch.IOUtil.read(Unknown Source)
	at java.base/sun.nio.ch.IOUtil.read(Unknown Source)
	at java.base/sun.nio.ch.SocketChannelImpl.read(Unknown Source)
	at io.netty.buffer.PooledByteBuf.setBytes(PooledByteBuf.java:253)
	at io.netty.buffer.AbstractByteBuf.writeBytes(AbstractByteBuf.java:1133)
	at io.netty.channel.socket.nio.NioSocketChannel.doReadBytes(NioSocketChannel.java:350)
	at io.netty.channel.nio.AbstractNioByteChannel$NioByteUnsafe.read(AbstractNioByteChannel.java:148)
	at io.netty.channel.nio.NioEventLoop.processSelectedKey(NioEventLoop.java:714)
	at io.netty.channel.nio.NioEventLoop.processSelectedKeysOptimized(NioEventLoop.java:650)
	at io.netty.channel.nio.NioEventLoop.processSelectedKeys(NioEventLoop.java:576)
	at io.netty.channel.nio.NioEventLoop.run(NioEventLoop.java:493)
	at io.netty.util.concurrent.SingleThreadEventExecutor$4.run(SingleThreadEventExecutor.java:989)
	at io.netty.util.internal.ThreadExecutorMap$2.run(ThreadExecutorMap.java:74)
	at io.netty.util.concurrent.FastThreadLocalRunnable.run(FastThreadLocalRunnable.java:30)
	at java.base/java.lang.Thread.run(Unknown Source)


[debug] [2020-05-08T09:15:46.482Z] May 08, 2020 11:15:46 AM io.gapi.emulators.netty.HttpVersionRoutingHandler channelRead
INFO: Detected HTTP/2 connection.

[debug] [2020-05-08T09:15:46.635Z] May 08, 2020 11:15:46 AM io.gapi.emulators.netty.HttpVersionRoutingHandler channelRead
INFO: Detected HTTP/2 connection.

[debug] [2020-05-08T09:15:59.055Z] May 08, 2020 11:15:59 AM io.netty.channel.DefaultChannelPipeline onUnhandledInboundException
WARNING: An exceptionCaught() event was fired, and it reached at the tail of the pipeline. It usually means the last handler in the pipeline did not handle the exception.
java.io.IOException: An existing connection was forcibly closed by the remote host
	at java.base/sun.nio.ch.SocketDispatcher.read0(Native Method)
	at java.base/sun.nio.ch.SocketDispatcher.read(Unknown Source)
	at java.base/sun.nio.ch.IOUtil.readIntoNativeBuffer(Unknown Source)
	at java.base/sun.nio.ch.IOUtil.read(Unknown Source)
	at java.base/sun.nio.ch.IOUtil.read(Unknown Source)
	at java.base/sun.nio.ch.SocketChannelImpl.read(Unknown Source)
	at io.netty.buffer.PooledByteBuf.setBytes(PooledByteBuf.java:253)
	at io.netty.buffer.AbstractByteBuf.writeBytes(AbstractByteBuf.java:1133)
	at io.netty.channel.socket.nio.NioSocketChannel.doReadBytes(NioSocketChannel.java:350)
	at io.netty.channel.nio.AbstractNioByteChannel$NioByteUnsafe.read(AbstractNioByteChannel.java:148)
	at io.netty.channel.nio.NioEventLoop.processSelectedKey(NioEventLoop.java:714)
	at io.netty.channel.nio.NioEventLoop.processSelectedKeysOptimized(NioEventLoop.java:650)
	at io.netty.channel.nio.NioEventLoop.processSelectedKeys(NioEventLoop.java:576)
	at io.netty.channel.nio.NioEventLoop.run(NioEventLoop.java:493)
	at io.netty.util.concurrent.SingleThreadEventExecutor$4.run(SingleThreadEventExecutor.java:989)
	at io.netty.util.internal.ThreadExecutorMap$2.run(ThreadExecutorMap.java:74)
	at io.netty.util.concurrent.FastThreadLocalRunnable.run(FastThreadLocalRunnable.java:30)
	at java.base/java.lang.Thread.run(Unknown Source)


[debug] [2020-05-08T09:15:59.056Z] May 08, 2020 11:15:59 AM io.netty.channel.DefaultChannelPipeline onUnhandledInboundException
WARNING: An exceptionCaught() event was fired, and it reached at the tail of the pipeline. It usually means the last handler in the pipeline did not handle the exception.
java.io.IOException: An existing connection was forcibly closed by the remote host
	at java.base/sun.nio.ch.SocketDispatcher.read0(Native Method)
	at java.base/sun.nio.ch.SocketDispatcher.read(Unknown Source)
	at java.base/sun.nio.ch.IOUtil.readIntoNativeBuffer(Unknown Source)
	at java.base/sun.nio.ch.IOUtil.read(Unknown Source)
	at java.base/sun.nio.ch.IOUtil.read(Unknown Source)
	at java.base/sun.nio.ch.SocketChannelImpl.read(Unknown Source)
	at io.netty.buffer.PooledByteBuf.setBytes(PooledByteBuf.java:253)
	at io.netty.buffer.AbstractByteBuf.writeBytes(AbstractByteBuf.java:1133)
	at io.netty.channel.socket.nio.NioSocketChannel.doReadBytes(NioSocketChannel.java:350)
	at io.netty.channel.nio.AbstractNioByteChannel$NioByteUnsafe.read(AbstractNioByteChannel.java:148)
	at io.netty.channel.nio.NioEventLoop.processSelectedKey(NioEventLoop.java:714)
	at io.netty.channel.nio.NioEventLoop.processSelectedKeysOptimized(NioEventLoop.java:650)
	at io.netty.channel.nio.NioEventLoop.processSelectedKeys(NioEventLoop.java:576)
	at io.netty.channel.nio.NioEventLoop.run(NioEventLoop.java:493)
	at io.netty.util.concurrent.SingleThreadEventExecutor$4.run(SingleThreadEventExecutor.java:989)
	at io.netty.util.internal.ThreadExecutorMap$2.run(ThreadExecutorMap.java:74)
	at io.netty.util.concurrent.FastThreadLocalRunnable.run(FastThreadLocalRunnable.java:30)
	at java.base/java.lang.Thread.run(Unknown Source)


[debug] [2020-05-08T09:18:41.772Z] May 08, 2020 11:18:41 AM io.gapi.emulators.netty.HttpVersionRoutingHandler channelRead
INFO: Detected HTTP/2 connection.

[debug] [2020-05-08T09:18:41.915Z] May 08, 2020 11:18:41 AM io.gapi.emulators.netty.HttpVersionRoutingHandler channelRead
INFO: Detected HTTP/2 connection.

[debug] [2020-05-08T09:18:49.860Z] May 08, 2020 11:18:49 AM io.netty.channel.DefaultChannelPipeline onUnhandledInboundException
WARNING: An exceptionCaught() event was fired, and it reached at the tail of the pipeline. It usually means the last handler in the pipeline did not handle the exception.
java.io.IOException: An existing connection was forcibly closed by the remote host
	at java.base/sun.nio.ch.SocketDispatcher.read0(Native Method)
	at java.base/sun.nio.ch.SocketDispatcher.read(Unknown Source)
	at java.base/sun.nio.ch.IOUtil.readIntoNativeBuffer(Unknown Source)
	at java.base/sun.nio.ch.IOUtil.read(Unknown Source)
	at java.base/sun.nio.ch.IOUtil.read(Unknown Source)
	at java.base/sun.nio.ch.SocketChannelImpl.read(Unknown Source)
	at io.netty.buffer.PooledByteBuf.setBytes(PooledByteBuf.java:253)
	at io.netty.buffer.AbstractByteBuf.writeBytes(AbstractByteBuf.java:1133)
	at io.netty.channel.socket.nio.NioSocketChannel.doReadBytes(NioSocketChannel.java:350)
	at io.netty.channel.nio.AbstractNioByteChannel$NioByteUnsafe.read(AbstractNioByteChannel.java:148)
	at io.netty.channel.nio.NioEventLoop.processSelectedKey(NioEventLoop.java:714)
	at io.netty.channel.nio.NioEventLoop.processSelectedKeysOptimized(NioEventLoop.java:650)
	at io.netty.channel.nio.NioEventLoop.processSelectedKeys(NioEventLoop.java:576)
	at io.netty.channel.nio.NioEventLoop.run(NioEventLoop.java:493)
	at io.netty.util.concurrent.SingleThreadEventExecutor$4.run(SingleThreadEventExecutor.java:989)
	at io.netty.util.internal.ThreadExecutorMap$2.run(ThreadExecutorMap.java:74)
	at io.netty.util.concurrent.FastThreadLocalRunnable.run(FastThreadLocalRunnable.java:30)
	at java.base/java.lang.Thread.run(Unknown Source)


[debug] [2020-05-08T09:18:49.861Z] May 08, 2020 11:18:49 AM io.netty.channel.DefaultChannelPipeline onUnhandledInboundException
WARNING: An exceptionCaught() event was fired, and it reached at the tail of the pipeline. It usually means the last handler in the pipeline did not handle the exception.
java.io.IOException: An existing connection was forcibly closed by the remote host
	at java.base/sun.nio.ch.SocketDispatcher.read0(Native Method)
	at java.base/sun.nio.ch.SocketDispatcher.read(Unknown Source)
	at java.base/sun.nio.ch.IOUtil.readIntoNativeBuffer(Unknown Source)
	at java.base/sun.nio.ch.IOUtil.read(Unknown Source)
	at java.base/sun.nio.ch.IOUtil.read(Unknown Source)
	at java.base/sun.nio.ch.SocketChannelImpl.read(Unknown Source)
	at io.netty.buffer.PooledByteBuf.setBytes(PooledByteBuf.java:253)
	at io.netty.buffer.AbstractByteBuf.writeBytes(AbstractByteBuf.java:1133)
	at io.netty.channel.socket.nio.NioSocketChannel.doReadBytes(NioSocketChannel.java:350)
	at io.netty.channel.nio.AbstractNioByteChannel$NioByteUnsafe.read(AbstractNioByteChannel.java:148)
	at io.netty.channel.nio.NioEventLoop.processSelectedKey(NioEventLoop.java:714)
	at io.netty.channel.nio.NioEventLoop.processSelectedKeysOptimized(NioEventLoop.java:650)
	at io.netty.channel.nio.NioEventLoop.processSelectedKeys(NioEventLoop.java:576)
	at io.netty.channel.nio.NioEventLoop.run(NioEventLoop.java:493)
	at io.netty.util.concurrent.SingleThreadEventExecutor$4.run(SingleThreadEventExecutor.java:989)
	at io.netty.util.internal.ThreadExecutorMap$2.run(ThreadExecutorMap.java:74)
	at io.netty.util.concurrent.FastThreadLocalRunnable.run(FastThreadLocalRunnable.java:30)
	at java.base/java.lang.Thread.run(Unknown Source)


[debug] [2020-05-08T09:19:57.550Z] May 08, 2020 11:19:57 AM io.gapi.emulators.netty.HttpVersionRoutingHandler channelRead
INFO: Detected HTTP/2 connection.

[debug] [2020-05-08T09:19:57.686Z] May 08, 2020 11:19:57 AM io.gapi.emulators.netty.HttpVersionRoutingHandler channelRead
INFO: Detected HTTP/2 connection.

[debug] [2020-05-08T09:19:57.932Z] May 08, 2020 11:19:57 AM com.google.cloud.datastore.emulator.impl.util.WrappedStreamObserver onError
INFO: operation failed: 
Service call error. Function: [get], Argument: [path_value {
  segments {
    simple: "databases"
  }
  segments {
    simple: "(default)"
  }
  segments {
    simple: "documents"
  }
  segments {
    simple: "Users"
  }
  segments {
    simple: "isAUser"
  }
}
]. for 'create' @ L25

[debug] [2020-05-08T09:19:58.157Z] May 08, 2020 11:19:58 AM com.google.cloud.datastore.emulator.impl.util.WrappedStreamObserver onError
INFO: operation failed: 
Null value error. for 'create' @ L38

[debug] [2020-05-08T09:23:59.202Z] May 08, 2020 11:23:59 AM io.gapi.emulators.netty.HttpVersionRoutingHandler channelRead
INFO: Detected HTTP/2 connection.

[debug] [2020-05-08T09:23:59.331Z] May 08, 2020 11:23:59 AM io.gapi.emulators.netty.HttpVersionRoutingHandler channelRead
INFO: Detected HTTP/2 connection.

[debug] [2020-05-08T09:23:59.453Z] May 08, 2020 11:23:59 AM com.google.cloud.datastore.emulator.impl.util.WrappedStreamObserver onError
INFO: operation failed: 
Service call error. Function: [get], Argument: [path_value {
  segments {
    simple: "databases"
  }
  segments {
    simple: "(default)"
  }
  segments {
    simple: "documents"
  }
  segments {
    simple: "Users"
  }
  segments {
    simple: "isAUser"
  }
}
]. for 'create' @ L25

[debug] [2020-05-08T09:23:59.640Z] May 08, 2020 11:23:59 AM com.google.cloud.datastore.emulator.impl.util.WrappedStreamObserver onError
INFO: operation failed: 
Null value error. for 'create' @ L38

[debug] [2020-05-08T09:27:01.347Z] May 08, 2020 11:27:01 AM io.gapi.emulators.netty.HttpVersionRoutingHandler channelRead
INFO: Detected HTTP/2 connection.

[debug] [2020-05-08T09:27:01.466Z] May 08, 2020 11:27:01 AM io.gapi.emulators.netty.HttpVersionRoutingHandler channelRead
INFO: Detected HTTP/2 connection.

[debug] [2020-05-08T09:27:01.582Z] May 08, 2020 11:27:01 AM com.google.cloud.datastore.emulator.impl.util.WrappedStreamObserver onError
INFO: operation failed: 
Service call error. Function: [get], Argument: [path_value {
  segments {
    simple: "databases"
  }
  segments {
    simple: "(default)"
  }
  segments {
    simple: "documents"
  }
  segments {
    simple: "Users"
  }
  segments {
    simple: "isAUser"
  }
}
]. for 'create' @ L25

[debug] [2020-05-08T09:27:01.756Z] May 08, 2020 11:27:01 AM com.google.cloud.datastore.emulator.impl.util.WrappedStreamObserver onError
INFO: operation failed: 
Null value error. for 'create' @ L38

[debug] [2020-05-08T09:27:01.919Z] May 08, 2020 11:27:01 AM com.google.cloud.datastore.emulator.impl.util.WrappedStreamObserver onError
INFO: operation failed: 
Service call error. Function: [get], Argument: [path_value {
  segments {
    simple: "databases"
  }
  segments {
    simple: "(default)"
  }
  segments {
    simple: "documents"
  }
  segments {
    simple: "Users"
  }
  segments {
    simple: "5lzBYBYT1yQmagbOYzIpTRU0WQ62"
  }
}
]. for 'create' @ L31

[debug] [2020-05-08T09:36:31.759Z] May 08, 2020 11:36:31 AM io.gapi.emulators.netty.HttpVersionRoutingHandler channelRead
INFO: Detected HTTP/2 connection.

[debug] [2020-05-08T09:36:31.882Z] May 08, 2020 11:36:31 AM io.gapi.emulators.netty.HttpVersionRoutingHandler channelRead
INFO: Detected HTTP/2 connection.

[debug] [2020-05-08T09:36:31.996Z] May 08, 2020 11:36:31 AM com.google.cloud.datastore.emulator.impl.util.WrappedStreamObserver onError
INFO: operation failed: 
Service call error. Function: [get], Argument: [path_value {
  segments {
    simple: "databases"
  }
  segments {
    simple: "(default)"
  }
  segments {
    simple: "documents"
  }
  segments {
    simple: "Users"
  }
  segments {
    simple: "isAUser"
  }
}
]. for 'create' @ L25

[debug] [2020-05-08T09:36:32.168Z] May 08, 2020 11:36:32 AM com.google.cloud.datastore.emulator.impl.util.WrappedStreamObserver onError
INFO: operation failed: 
Null value error. for 'create' @ L38

[debug] [2020-05-08T09:36:32.340Z] May 08, 2020 11:36:32 AM com.google.cloud.datastore.emulator.impl.util.WrappedStreamObserver onError
INFO: operation failed: 
Service call error. Function: [get], Argument: [path_value {
  segments {
    simple: "databases"
  }
  segments {
    simple: "(default)"
  }
  segments {
    simple: "documents"
  }
  segments {
    simple: "Users"
  }
  segments {
    simple: "1"
  }
}
]. for 'create' @ L31

[debug] [2020-05-08T09:37:15.775Z] May 08, 2020 11:37:15 AM io.gapi.emulators.netty.HttpVersionRoutingHandler channelRead
INFO: Detected HTTP/2 connection.

[debug] [2020-05-08T09:37:15.909Z] May 08, 2020 11:37:15 AM io.gapi.emulators.netty.HttpVersionRoutingHandler channelRead
INFO: Detected HTTP/2 connection.

[debug] [2020-05-08T09:37:16.022Z] May 08, 2020 11:37:16 AM com.google.cloud.datastore.emulator.impl.util.WrappedStreamObserver onError
INFO: operation failed: 
Service call error. Function: [get], Argument: [path_value {
  segments {
    simple: "databases"
  }
  segments {
    simple: "(default)"
  }
  segments {
    simple: "documents"
  }
  segments {
    simple: "Users"
  }
  segments {
    simple: "isAUser"
  }
}
]. for 'create' @ L25

[debug] [2020-05-08T09:37:16.190Z] May 08, 2020 11:37:16 AM com.google.cloud.datastore.emulator.impl.util.WrappedStreamObserver onError
INFO: operation failed: 
Null value error. for 'create' @ L38

[debug] [2020-05-08T09:48:51.021Z] May 08, 2020 11:48:51 AM io.gapi.emulators.netty.HttpVersionRoutingHandler channelRead
INFO: Detected HTTP/2 connection.

[debug] [2020-05-08T09:48:51.140Z] May 08, 2020 11:48:51 AM io.gapi.emulators.netty.HttpVersionRoutingHandler channelRead
INFO: Detected HTTP/2 connection.

[debug] [2020-05-08T09:48:51.251Z] May 08, 2020 11:48:51 AM com.google.cloud.datastore.emulator.impl.util.WrappedStreamObserver onError
INFO: operation failed: 
Service call error. Function: [get], Argument: [path_value {
  segments {
    simple: "databases"
  }
  segments {
    simple: "(default)"
  }
  segments {
    simple: "documents"
  }
  segments {
    simple: "Users"
  }
  segments {
    simple: "isAUser"
  }
}
]. for 'create' @ L25

[debug] [2020-05-08T09:48:51.413Z] May 08, 2020 11:48:51 AM com.google.cloud.datastore.emulator.impl.util.WrappedStreamObserver onError
INFO: operation failed: 
Null value error. for 'create' @ L38

[debug] [2020-05-08T09:48:51.567Z] May 08, 2020 11:48:51 AM com.google.cloud.datastore.emulator.impl.util.WrappedStreamObserver onError
INFO: operation failed: 
Service call error. Function: [get], Argument: [path_value {
  segments {
    simple: "databases"
  }
  segments {
    simple: "(default)"
  }
  segments {
    simple: "documents"
  }
  segments {
    simple: "Users"
  }
  segments {
    simple: "1"
  }
}
]. for 'create' @ L31

[debug] [2020-05-08T09:50:04.015Z] May 08, 2020 11:50:04 AM io.gapi.emulators.netty.HttpVersionRoutingHandler channelRead
INFO: Detected HTTP/2 connection.

[debug] [2020-05-08T09:50:04.147Z] May 08, 2020 11:50:04 AM io.gapi.emulators.netty.HttpVersionRoutingHandler channelRead
INFO: Detected HTTP/2 connection.

[debug] [2020-05-08T09:50:04.272Z] May 08, 2020 11:50:04 AM com.google.cloud.datastore.emulator.impl.util.WrappedStreamObserver onError
INFO: operation failed: 
Service call error. Function: [get], Argument: [path_value {
  segments {
    simple: "databases"
  }
  segments {
    simple: "(default)"
  }
  segments {
    simple: "documents"
  }
  segments {
    simple: "Users"
  }
  segments {
    simple: "isAUser"
  }
}
]. for 'create' @ L25

[debug] [2020-05-08T09:50:04.433Z] May 08, 2020 11:50:04 AM com.google.cloud.datastore.emulator.impl.util.WrappedStreamObserver onError
INFO: operation failed: 
Null value error. for 'create' @ L38

[debug] [2020-05-08T09:50:04.586Z] May 08, 2020 11:50:04 AM com.google.cloud.datastore.emulator.impl.util.WrappedStreamObserver onError
INFO: operation failed: 
Service call error. Function: [get], Argument: [path_value {
  segments {
    simple: "databases"
  }
  segments {
    simple: "(default)"
  }
  segments {
    simple: "documents"
  }
  segments {
    simple: "Users"
  }
  segments {
    simple: "1"
  }
}
]. for 'create' @ L31

[debug] [2020-05-08T09:53:04.511Z] May 08, 2020 11:53:04 AM io.gapi.emulators.netty.HttpVersionRoutingHandler channelRead
INFO: Detected HTTP/2 connection.

[debug] [2020-05-08T09:53:04.629Z] May 08, 2020 11:53:04 AM io.gapi.emulators.netty.HttpVersionRoutingHandler channelRead
INFO: Detected HTTP/2 connection.

[debug] [2020-05-08T09:53:04.739Z] May 08, 2020 11:53:04 AM com.google.cloud.datastore.emulator.impl.util.WrappedStreamObserver onError
INFO: operation failed: 
Service call error. Function: [get], Argument: [path_value {
  segments {
    simple: "databases"
  }
  segments {
    simple: "(default)"
  }
  segments {
    simple: "documents"
  }
  segments {
    simple: "Users"
  }
  segments {
    simple: "isAUser"
  }
}
]. for 'create' @ L25

[debug] [2020-05-08T09:53:04.898Z] May 08, 2020 11:53:04 AM com.google.cloud.datastore.emulator.impl.util.WrappedStreamObserver onError
INFO: operation failed: 
Null value error. for 'create' @ L38

[debug] [2020-05-08T09:54:17.472Z] May 08, 2020 11:54:17 AM io.gapi.emulators.netty.HttpVersionRoutingHandler channelRead
INFO: Detected HTTP/2 connection.

[debug] [2020-05-08T09:54:17.591Z] May 08, 2020 11:54:17 AM io.gapi.emulators.netty.HttpVersionRoutingHandler channelRead
INFO: Detected HTTP/2 connection.

[debug] [2020-05-08T09:54:17.700Z] May 08, 2020 11:54:17 AM com.google.cloud.datastore.emulator.impl.util.WrappedStreamObserver onError
INFO: operation failed: 
Service call error. Function: [get], Argument: [path_value {
  segments {
    simple: "databases"
  }
  segments {
    simple: "(default)"
  }
  segments {
    simple: "documents"
  }
  segments {
    simple: "Users"
  }
  segments {
    simple: "isAUser"
  }
}
]. for 'create' @ L25

[debug] [2020-05-08T09:54:17.857Z] May 08, 2020 11:54:17 AM com.google.cloud.datastore.emulator.impl.util.WrappedStreamObserver onError
INFO: operation failed: 
Null value error. for 'create' @ L38

[debug] [2020-05-08T09:54:51.033Z] May 08, 2020 11:54:51 AM io.gapi.emulators.netty.HttpVersionRoutingHandler channelRead
INFO: Detected HTTP/2 connection.

[debug] [2020-05-08T09:54:51.146Z] May 08, 2020 11:54:51 AM io.gapi.emulators.netty.HttpVersionRoutingHandler channelRead
INFO: Detected HTTP/2 connection.

[debug] [2020-05-08T09:54:51.252Z] May 08, 2020 11:54:51 AM com.google.cloud.datastore.emulator.impl.util.WrappedStreamObserver onError
INFO: operation failed: 
Service call error. Function: [get], Argument: [path_value {
  segments {
    simple: "databases"
  }
  segments {
    simple: "(default)"
  }
  segments {
    simple: "documents"
  }
  segments {
    simple: "Users"
  }
  segments {
    simple: "isAUser"
  }
}
]. for 'create' @ L25

[debug] [2020-05-08T09:54:51.417Z] May 08, 2020 11:54:51 AM com.google.cloud.datastore.emulator.impl.util.WrappedStreamObserver onError
INFO: operation failed: 
Null value error. for 'create' @ L38

[debug] [2020-05-08T10:41:01.783Z] May 08, 2020 12:41:01 PM io.gapi.emulators.netty.HttpVersionRoutingHandler channelRead
INFO: Detected HTTP/2 connection.

[debug] [2020-05-08T10:41:01.903Z] May 08, 2020 12:41:01 PM io.gapi.emulators.netty.HttpVersionRoutingHandler channelRead
INFO: Detected HTTP/2 connection.

[debug] [2020-05-08T10:41:01.931Z] May 08, 2020 12:41:01 PM com.google.cloud.datastore.emulator.impl.util.WrappedStreamObserver onError
INFO: operation failed: 
Null value error. for 'create' @ L25

[debug] [2020-05-08T10:41:02.025Z] May 08, 2020 12:41:02 PM com.google.cloud.datastore.emulator.impl.util.WrappedStreamObserver onError
INFO: operation failed: 
Service call error. Function: [get], Argument: [path_value {
  segments {
    simple: "databases"
  }
  segments {
    simple: "(default)"
  }
  segments {
    simple: "documents"
  }
  segments {
    simple: "Users"
  }
  segments {
    simple: "2"
  }
}
]. for 'create' @ L25

[debug] [2020-05-08T10:41:02.090Z] May 08, 2020 12:41:02 PM com.google.cloud.datastore.emulator.impl.util.WrappedStreamObserver onError
INFO: operation failed: 
Service call error. Function: [get], Argument: [path_value {
  segments {
    simple: "databases"
  }
  segments {
    simple: "(default)"
  }
  segments {
    simple: "documents"
  }
  segments {
    simple: "Users"
  }
  segments {
    simple: "2"
  }
}
]. for 'create' @ L31

[debug] [2020-05-08T10:41:02.646Z] May 08, 2020 12:41:02 PM com.google.cloud.datastore.emulator.impl.util.WrappedStreamObserver onError
INFO: operation failed: no entity to update: app: "dev~rules-test-1588934462556"
path <
  Element {
    type: "Users"
    name: "2"
  }
>


[debug] [2020-05-08T10:41:03.034Z] May 08, 2020 12:41:03 PM com.google.cloud.datastore.emulator.impl.util.WrappedStreamObserver onError
INFO: operation failed: 
Null value error. for 'create' @ L38

[debug] [2020-05-08T10:42:32.490Z] May 08, 2020 12:42:32 PM io.gapi.emulators.netty.HttpVersionRoutingHandler channelRead
INFO: Detected HTTP/2 connection.

[debug] [2020-05-08T10:42:32.609Z] May 08, 2020 12:42:32 PM io.gapi.emulators.netty.HttpVersionRoutingHandler channelRead
INFO: Detected HTTP/2 connection.

[debug] [2020-05-08T10:42:32.637Z] May 08, 2020 12:42:32 PM com.google.cloud.datastore.emulator.impl.util.WrappedStreamObserver onError
INFO: operation failed: 
Null value error. for 'create' @ L25

[debug] [2020-05-08T10:42:32.728Z] May 08, 2020 12:42:32 PM com.google.cloud.datastore.emulator.impl.util.WrappedStreamObserver onError
INFO: operation failed: 
Service call error. Function: [get], Argument: [path_value {
  segments {
    simple: "databases"
  }
  segments {
    simple: "(default)"
  }
  segments {
    simple: "documents"
  }
  segments {
    simple: "Users"
  }
  segments {
    simple: "2"
  }
}
]. for 'create' @ L25

[debug] [2020-05-08T10:42:32.786Z] May 08, 2020 12:42:32 PM com.google.cloud.datastore.emulator.impl.util.WrappedStreamObserver onError
INFO: operation failed: 
Service call error. Function: [get], Argument: [path_value {
  segments {
    simple: "databases"
  }
  segments {
    simple: "(default)"
  }
  segments {
    simple: "documents"
  }
  segments {
    simple: "Users"
  }
  segments {
    simple: "2"
  }
}
]. for 'create' @ L31

[debug] [2020-05-08T10:42:33.457Z] May 08, 2020 12:42:33 PM com.google.cloud.datastore.emulator.impl.util.WrappedStreamObserver onError
INFO: operation failed: 
Null value error. for 'create' @ L38

[info] i  firestore: Change detected, updating rules...
[debug] [2020-05-08T10:46:00.851Z] >>> HTTP REQUEST PUT http://localhost:8080/emulator/v1/projects/feast-782f3:securityRules  
 {"ignore_errors":true,"rules":{"files":[{"name":"security.rules","content":"rules_version = '2';\r\nservice cloud.firestore {\r\n  match /databases/{database}/documents {\r\n\r\n  function isAdmin() {\r\n  \treturn get(/databases/$(database)/documents/Users/$(request.auth.uid)).data.role == \"Admin\";\r\n  }\r\n\r\n  function isUser() {\r\n  \treturn request.auth.uid != null;\r\n  }\r\n\r\n  function isAuthor(requesterID ,userID) {\r\n  \treturn requesterID == userID;\r\n  }\r\n\r\n  function isRecipeAuthor(requesterID, recipeId) {\r\n  \treturn get(/databases/$(database)/documents/UserRecipe/$(recipeId)).data.userId == requesterID;\r\n  }\r\n\r\n\r\n    match /Recipes/{document} {\r\n      allow read: if isUser();\r\n\r\n      allow write: if isAdmin();\r\n\r\n\r\n    }\r\n\r\n    match /Users/{userId} {\r\n    \tallow read, write: if isAdmin() || isAuthor(request.auth.uid, userId);\r\n\r\n\r\n    }\r\n\r\n    match /UserRecipe/{recipeId} {\r\n    \tallow read, write: if isRecipeAuthor(request.auth.uid, recipeId) || isAdmin();\r\n    }\r\n  }\r\n}\r\n"}]}}
[debug] [2020-05-08T10:46:00.874Z] May 08, 2020 12:46:00 PM io.gapi.emulators.netty.HttpVersionRoutingHandler channelRead
INFO: Detected non-HTTP/2 connection.

[debug] [2020-05-08T10:46:00.965Z] May 08, 2020 12:46:00 PM io.gapi.emulators.netty.HttpVersionRoutingHandler channelRead
INFO: Detected HTTP/2 connection.

[debug] [2020-05-08T10:46:01.018Z] <<< HTTP RESPONSE 200 {"content-type":"application/json","content-length":"4"}
[info] +  firestore: Rules updated.
[debug] [2020-05-08T10:46:05.297Z] May 08, 2020 12:46:05 PM io.gapi.emulators.netty.HttpVersionRoutingHandler channelRead
INFO: Detected HTTP/2 connection.

[debug] [2020-05-08T10:46:05.413Z] May 08, 2020 12:46:05 PM io.gapi.emulators.netty.HttpVersionRoutingHandler channelRead
INFO: Detected HTTP/2 connection.

[debug] [2020-05-08T10:46:05.440Z] May 08, 2020 12:46:05 PM com.google.cloud.datastore.emulator.impl.util.WrappedStreamObserver onError
INFO: operation failed: 
Null value error. for 'create' @ L25

[debug] [2020-05-08T10:46:05.522Z] May 08, 2020 12:46:05 PM com.google.cloud.datastore.emulator.impl.util.WrappedStreamObserver onError
INFO: operation failed: 
Service call error. Function: [get], Argument: [path_value {
  segments {
    simple: "databases"
  }
  segments {
    simple: "(default)"
  }
  segments {
    simple: "documents"
  }
  segments {
    simple: "Users"
  }
  segments {
    simple: "2"
  }
}
]. for 'create' @ L25

[debug] [2020-05-08T10:46:05.581Z] May 08, 2020 12:46:05 PM com.google.cloud.datastore.emulator.impl.util.WrappedStreamObserver onError
INFO: operation failed: 
Service call error. Function: [get], Argument: [path_value {
  segments {
    simple: "databases"
  }
  segments {
    simple: "(default)"
  }
  segments {
    simple: "documents"
  }
  segments {
    simple: "Users"
  }
  segments {
    simple: "2"
  }
}
]. for 'create' @ L31

[debug] [2020-05-08T10:46:06.253Z] May 08, 2020 12:46:06 PM com.google.cloud.datastore.emulator.impl.util.WrappedStreamObserver onError
INFO: operation failed: 
Null value error. for 'create' @ L37

[debug] [2020-05-08T10:54:05.192Z] May 08, 2020 12:54:05 PM io.gapi.emulators.netty.HttpVersionRoutingHandler channelRead
INFO: Detected HTTP/2 connection.

[debug] [2020-05-08T10:54:05.311Z] May 08, 2020 12:54:05 PM io.gapi.emulators.netty.HttpVersionRoutingHandler channelRead
INFO: Detected HTTP/2 connection.

[debug] [2020-05-08T10:54:05.339Z] May 08, 2020 12:54:05 PM com.google.cloud.datastore.emulator.impl.util.WrappedStreamObserver onError
INFO: operation failed: 
Null value error. for 'create' @ L25

[debug] [2020-05-08T10:54:05.445Z] May 08, 2020 12:54:05 PM com.google.cloud.datastore.emulator.impl.util.WrappedStreamObserver onError
INFO: operation failed: 
Service call error. Function: [get], Argument: [path_value {
  segments {
    simple: "databases"
  }
  segments {
    simple: "(default)"
  }
  segments {
    simple: "documents"
  }
  segments {
    simple: "Users"
  }
  segments {
    simple: "2"
  }
}
]. for 'create' @ L25

[debug] [2020-05-08T10:54:05.514Z] May 08, 2020 12:54:05 PM com.google.cloud.datastore.emulator.impl.util.WrappedStreamObserver onError
INFO: operation failed: 
Service call error. Function: [get], Argument: [path_value {
  segments {
    simple: "databases"
  }
  segments {
    simple: "(default)"
  }
  segments {
    simple: "documents"
  }
  segments {
    simple: "Users"
  }
  segments {
    simple: "2"
  }
}
]. for 'create' @ L31

[debug] [2020-05-08T10:54:06.201Z] May 08, 2020 12:54:06 PM com.google.cloud.datastore.emulator.impl.util.WrappedStreamObserver onError
INFO: operation failed: 
Null value error. for 'create' @ L37

[debug] [2020-05-08T10:56:12.120Z] May 08, 2020 12:56:12 PM io.gapi.emulators.netty.HttpVersionRoutingHandler channelRead
INFO: Detected HTTP/2 connection.

[debug] [2020-05-08T10:56:12.245Z] May 08, 2020 12:56:12 PM io.gapi.emulators.netty.HttpVersionRoutingHandler channelRead
INFO: Detected HTTP/2 connection.

[debug] [2020-05-08T10:56:12.273Z] May 08, 2020 12:56:12 PM com.google.cloud.datastore.emulator.impl.util.WrappedStreamObserver onError
INFO: operation failed: 
Null value error. for 'create' @ L25

[debug] [2020-05-08T10:56:12.354Z] May 08, 2020 12:56:12 PM com.google.cloud.datastore.emulator.impl.util.WrappedStreamObserver onError
INFO: operation failed: 
Service call error. Function: [get], Argument: [path_value {
  segments {
    simple: "databases"
  }
  segments {
    simple: "(default)"
  }
  segments {
    simple: "documents"
  }
  segments {
    simple: "Users"
  }
  segments {
    simple: "2"
  }
}
]. for 'create' @ L25

[debug] [2020-05-08T10:56:12.414Z] May 08, 2020 12:56:12 PM com.google.cloud.datastore.emulator.impl.util.WrappedStreamObserver onError
INFO: operation failed: 
Service call error. Function: [get], Argument: [path_value {
  segments {
    simple: "databases"
  }
  segments {
    simple: "(default)"
  }
  segments {
    simple: "documents"
  }
  segments {
    simple: "Users"
  }
  segments {
    simple: "2"
  }
}
]. for 'create' @ L31

[debug] [2020-05-08T10:56:13.086Z] May 08, 2020 12:56:13 PM com.google.cloud.datastore.emulator.impl.util.WrappedStreamObserver onError
INFO: operation failed: 
Null value error. for 'create' @ L37

[debug] [2020-05-08T11:03:32.156Z] May 08, 2020 1:03:32 PM io.gapi.emulators.netty.HttpVersionRoutingHandler channelRead
INFO: Detected HTTP/2 connection.

[debug] [2020-05-08T11:03:32.299Z] May 08, 2020 1:03:32 PM io.gapi.emulators.netty.HttpVersionRoutingHandler channelRead
INFO: Detected HTTP/2 connection.

[debug] [2020-05-08T11:03:32.325Z] May 08, 2020 1:03:32 PM com.google.cloud.datastore.emulator.impl.util.WrappedStreamObserver onError
INFO: operation failed: 
Null value error. for 'create' @ L25

[debug] [2020-05-08T11:03:32.418Z] May 08, 2020 1:03:32 PM com.google.cloud.datastore.emulator.impl.util.WrappedStreamObserver onError
INFO: operation failed: 
Service call error. Function: [get], Argument: [path_value {
  segments {
    simple: "databases"
  }
  segments {
    simple: "(default)"
  }
  segments {
    simple: "documents"
  }
  segments {
    simple: "Users"
  }
  segments {
    simple: "2"
  }
}
]. for 'create' @ L25

[debug] [2020-05-08T11:03:32.506Z] May 08, 2020 1:03:32 PM com.google.cloud.datastore.emulator.impl.util.WrappedStreamObserver onError
INFO: operation failed: 
Service call error. Function: [get], Argument: [path_value {
  segments {
    simple: "databases"
  }
  segments {
    simple: "(default)"
  }
  segments {
    simple: "documents"
  }
  segments {
    simple: "Users"
  }
  segments {
    simple: "2"
  }
}
]. for 'create' @ L31

[debug] [2020-05-08T11:03:33.321Z] May 08, 2020 1:03:33 PM com.google.cloud.datastore.emulator.impl.util.WrappedStreamObserver onError
INFO: operation failed: 
Null value error. for 'create' @ L37

[debug] [2020-05-08T11:07:34.566Z] May 08, 2020 1:07:34 PM io.gapi.emulators.netty.HttpVersionRoutingHandler channelRead
INFO: Detected HTTP/2 connection.

[debug] [2020-05-08T11:07:34.689Z] May 08, 2020 1:07:34 PM io.gapi.emulators.netty.HttpVersionRoutingHandler channelRead
INFO: Detected HTTP/2 connection.

[debug] [2020-05-08T11:07:34.719Z] May 08, 2020 1:07:34 PM com.google.cloud.datastore.emulator.impl.util.WrappedStreamObserver onError
INFO: operation failed: 
Null value error. for 'create' @ L25

[debug] [2020-05-08T11:07:34.813Z] May 08, 2020 1:07:34 PM com.google.cloud.datastore.emulator.impl.util.WrappedStreamObserver onError
INFO: operation failed: 
Service call error. Function: [get], Argument: [path_value {
  segments {
    simple: "databases"
  }
  segments {
    simple: "(default)"
  }
  segments {
    simple: "documents"
  }
  segments {
    simple: "Users"
  }
  segments {
    simple: "2"
  }
}
]. for 'create' @ L25

[debug] [2020-05-08T11:07:35.387Z] May 08, 2020 1:07:35 PM com.google.cloud.datastore.emulator.impl.util.WrappedStreamObserver onError
INFO: operation failed: 
Null value error. for 'create' @ L37

[debug] [2020-05-08T11:11:28.935Z] May 08, 2020 1:11:28 PM io.gapi.emulators.netty.HttpVersionRoutingHandler channelRead
INFO: Detected HTTP/2 connection.

[debug] [2020-05-08T11:11:29.056Z] May 08, 2020 1:11:29 PM io.gapi.emulators.netty.HttpVersionRoutingHandler channelRead
INFO: Detected HTTP/2 connection.

[debug] [2020-05-08T11:11:29.088Z] May 08, 2020 1:11:29 PM com.google.cloud.datastore.emulator.impl.util.WrappedStreamObserver onError
INFO: operation failed: 
Null value error. for 'create' @ L25

[debug] [2020-05-08T11:11:29.212Z] May 08, 2020 1:11:29 PM com.google.cloud.datastore.emulator.impl.util.WrappedStreamObserver onError
INFO: operation failed: 
Service call error. Function: [get], Argument: [path_value {
  segments {
    simple: "databases"
  }
  segments {
    simple: "(default)"
  }
  segments {
    simple: "documents"
  }
  segments {
    simple: "Users"
  }
  segments {
    simple: "2"
  }
}
]. for 'create' @ L25

[debug] [2020-05-08T11:11:29.275Z] May 08, 2020 1:11:29 PM com.google.cloud.datastore.emulator.impl.util.WrappedStreamObserver onError
INFO: operation failed: 
Service call error. Function: [get], Argument: [path_value {
  segments {
    simple: "databases"
  }
  segments {
    simple: "(default)"
  }
  segments {
    simple: "documents"
  }
  segments {
    simple: "Users"
  }
  segments {
    simple: "2"
  }
}
]. for 'create' @ L31

[debug] [2020-05-08T11:11:29.982Z] May 08, 2020 1:11:29 PM com.google.cloud.datastore.emulator.impl.util.WrappedStreamObserver onError
INFO: operation failed: 
Null value error. for 'create' @ L37

[debug] [2020-05-08T11:12:56.298Z] May 08, 2020 1:12:56 PM io.gapi.emulators.netty.HttpVersionRoutingHandler channelRead
INFO: Detected HTTP/2 connection.

[debug] [2020-05-08T11:12:56.419Z] May 08, 2020 1:12:56 PM io.gapi.emulators.netty.HttpVersionRoutingHandler channelRead
INFO: Detected HTTP/2 connection.

[debug] [2020-05-08T11:12:56.447Z] May 08, 2020 1:12:56 PM com.google.cloud.datastore.emulator.impl.util.WrappedStreamObserver onError
INFO: operation failed: 
Null value error. for 'create' @ L25

[debug] [2020-05-08T11:12:56.533Z] May 08, 2020 1:12:56 PM com.google.cloud.datastore.emulator.impl.util.WrappedStreamObserver onError
INFO: operation failed: 
Service call error. Function: [get], Argument: [path_value {
  segments {
    simple: "databases"
  }
  segments {
    simple: "(default)"
  }
  segments {
    simple: "documents"
  }
  segments {
    simple: "Users"
  }
  segments {
    simple: "2"
  }
}
]. for 'create' @ L25

[debug] [2020-05-08T11:12:57.158Z] May 08, 2020 1:12:57 PM com.google.cloud.datastore.emulator.impl.util.WrappedStreamObserver onError
INFO: operation failed: 
Null value error. for 'create' @ L37

[debug] [2020-05-08T11:14:22.029Z] May 08, 2020 1:14:22 PM io.gapi.emulators.netty.HttpVersionRoutingHandler channelRead
INFO: Detected HTTP/2 connection.

[debug] [2020-05-08T11:14:22.144Z] May 08, 2020 1:14:22 PM io.gapi.emulators.netty.HttpVersionRoutingHandler channelRead
INFO: Detected HTTP/2 connection.

[debug] [2020-05-08T11:14:22.173Z] May 08, 2020 1:14:22 PM com.google.cloud.datastore.emulator.impl.util.WrappedStreamObserver onError
INFO: operation failed: 
Null value error. for 'create' @ L25

[debug] [2020-05-08T11:14:22.257Z] May 08, 2020 1:14:22 PM com.google.cloud.datastore.emulator.impl.util.WrappedStreamObserver onError
INFO: operation failed: 
Service call error. Function: [get], Argument: [path_value {
  segments {
    simple: "databases"
  }
  segments {
    simple: "(default)"
  }
  segments {
    simple: "documents"
  }
  segments {
    simple: "Users"
  }
  segments {
    simple: "2"
  }
}
]. for 'create' @ L25

[debug] [2020-05-08T11:14:22.783Z] May 08, 2020 1:14:22 PM com.google.cloud.datastore.emulator.impl.util.WrappedStreamObserver onError
INFO: operation failed: 
Null value error. for 'create' @ L37

[debug] [2020-05-08T11:17:38.118Z] May 08, 2020 1:17:38 PM io.gapi.emulators.netty.HttpVersionRoutingHandler channelRead
INFO: Detected HTTP/2 connection.

[debug] [2020-05-08T11:17:38.234Z] May 08, 2020 1:17:38 PM io.gapi.emulators.netty.HttpVersionRoutingHandler channelRead
INFO: Detected HTTP/2 connection.

[debug] [2020-05-08T11:17:38.263Z] May 08, 2020 1:17:38 PM com.google.cloud.datastore.emulator.impl.util.WrappedStreamObserver onError
INFO: operation failed: 
Null value error. for 'create' @ L25

[debug] [2020-05-08T11:17:38.350Z] May 08, 2020 1:17:38 PM com.google.cloud.datastore.emulator.impl.util.WrappedStreamObserver onError
INFO: operation failed: 
Service call error. Function: [get], Argument: [path_value {
  segments {
    simple: "databases"
  }
  segments {
    simple: "(default)"
  }
  segments {
    simple: "documents"
  }
  segments {
    simple: "Users"
  }
  segments {
    simple: "2"
  }
}
]. for 'create' @ L25

[debug] [2020-05-08T11:17:38.963Z] May 08, 2020 1:17:38 PM com.google.cloud.datastore.emulator.impl.util.WrappedStreamObserver onError
INFO: operation failed: 
Null value error. for 'create' @ L37

[debug] [2020-05-08T11:18:17.351Z] May 08, 2020 1:18:17 PM io.gapi.emulators.netty.HttpVersionRoutingHandler channelRead
INFO: Detected HTTP/2 connection.

[debug] [2020-05-08T11:18:17.470Z] May 08, 2020 1:18:17 PM io.gapi.emulators.netty.HttpVersionRoutingHandler channelRead
INFO: Detected HTTP/2 connection.

[debug] [2020-05-08T11:18:17.501Z] May 08, 2020 1:18:17 PM com.google.cloud.datastore.emulator.impl.util.WrappedStreamObserver onError
INFO: operation failed: 
Null value error. for 'create' @ L25

[debug] [2020-05-08T11:18:17.593Z] May 08, 2020 1:18:17 PM com.google.cloud.datastore.emulator.impl.util.WrappedStreamObserver onError
INFO: operation failed: 
Service call error. Function: [get], Argument: [path_value {
  segments {
    simple: "databases"
  }
  segments {
    simple: "(default)"
  }
  segments {
    simple: "documents"
  }
  segments {
    simple: "Users"
  }
  segments {
    simple: "2"
  }
}
]. for 'create' @ L25

[debug] [2020-05-08T11:18:18.201Z] May 08, 2020 1:18:18 PM com.google.cloud.datastore.emulator.impl.util.WrappedStreamObserver onError
INFO: operation failed: 
Null value error. for 'create' @ L37

[debug] [2020-05-08T11:18:37.037Z] May 08, 2020 1:18:37 PM io.gapi.emulators.netty.HttpVersionRoutingHandler channelRead
INFO: Detected HTTP/2 connection.

[debug] [2020-05-08T11:18:37.150Z] May 08, 2020 1:18:37 PM io.gapi.emulators.netty.HttpVersionRoutingHandler channelRead
INFO: Detected HTTP/2 connection.

[debug] [2020-05-08T11:18:37.183Z] May 08, 2020 1:18:37 PM com.google.cloud.datastore.emulator.impl.util.WrappedStreamObserver onError
INFO: operation failed: 
Null value error. for 'create' @ L25

[debug] [2020-05-08T11:18:37.276Z] May 08, 2020 1:18:37 PM com.google.cloud.datastore.emulator.impl.util.WrappedStreamObserver onError
INFO: operation failed: 
Service call error. Function: [get], Argument: [path_value {
  segments {
    simple: "databases"
  }
  segments {
    simple: "(default)"
  }
  segments {
    simple: "documents"
  }
  segments {
    simple: "Users"
  }
  segments {
    simple: "2"
  }
}
]. for 'create' @ L25

[debug] [2020-05-08T11:18:37.599Z] May 08, 2020 1:18:37 PM com.google.cloud.datastore.emulator.impl.util.WrappedStreamObserver onError
INFO: operation failed: 
Null value error. for 'create' @ L31

[debug] [2020-05-08T11:18:37.654Z] May 08, 2020 1:18:37 PM com.google.cloud.datastore.emulator.impl.util.WrappedStreamObserver onError
INFO: operation failed: 
Service call error. Function: [get], Argument: [path_value {
  segments {
    simple: "databases"
  }
  segments {
    simple: "(default)"
  }
  segments {
    simple: "documents"
  }
  segments {
    simple: "Users"
  }
  segments {
    simple: "2"
  }
}
]. for 'create' @ L31

[debug] [2020-05-08T11:18:38.127Z] May 08, 2020 1:18:38 PM com.google.cloud.datastore.emulator.impl.util.WrappedStreamObserver onError
INFO: operation failed: 
Null value error. for 'create' @ L37

[debug] [2020-05-08T11:22:54.594Z] May 08, 2020 1:22:54 PM io.gapi.emulators.netty.HttpVersionRoutingHandler channelRead
INFO: Detected HTTP/2 connection.

[debug] [2020-05-08T11:22:54.729Z] May 08, 2020 1:22:54 PM io.gapi.emulators.netty.HttpVersionRoutingHandler channelRead
INFO: Detected HTTP/2 connection.

[debug] [2020-05-08T11:22:54.757Z] May 08, 2020 1:22:54 PM com.google.cloud.datastore.emulator.impl.util.WrappedStreamObserver onError
INFO: operation failed: 
Null value error. for 'create' @ L25

[debug] [2020-05-08T11:22:54.843Z] May 08, 2020 1:22:54 PM com.google.cloud.datastore.emulator.impl.util.WrappedStreamObserver onError
INFO: operation failed: 
Service call error. Function: [get], Argument: [path_value {
  segments {
    simple: "databases"
  }
  segments {
    simple: "(default)"
  }
  segments {
    simple: "documents"
  }
  segments {
    simple: "Users"
  }
  segments {
    simple: "2"
  }
}
]. for 'create' @ L25

[debug] [2020-05-08T11:22:55.141Z] May 08, 2020 1:22:55 PM com.google.cloud.datastore.emulator.impl.util.WrappedStreamObserver onError
INFO: operation failed: 
Null value error. for 'create' @ L31

[debug] [2020-05-08T11:22:55.208Z] May 08, 2020 1:22:55 PM com.google.cloud.datastore.emulator.impl.util.WrappedStreamObserver onError
INFO: operation failed: 
Service call error. Function: [get], Argument: [path_value {
  segments {
    simple: "databases"
  }
  segments {
    simple: "(default)"
  }
  segments {
    simple: "documents"
  }
  segments {
    simple: "Users"
  }
  segments {
    simple: "2"
  }
}
]. for 'create' @ L31

[debug] [2020-05-08T11:22:55.698Z] May 08, 2020 1:22:55 PM com.google.cloud.datastore.emulator.impl.util.WrappedStreamObserver onError
INFO: operation failed: 
Null value error. for 'create' @ L37

[debug] [2020-05-08T11:23:18.313Z] May 08, 2020 1:23:18 PM io.gapi.emulators.netty.HttpVersionRoutingHandler channelRead
INFO: Detected HTTP/2 connection.

[debug] [2020-05-08T11:23:18.425Z] May 08, 2020 1:23:18 PM io.gapi.emulators.netty.HttpVersionRoutingHandler channelRead
INFO: Detected HTTP/2 connection.

[debug] [2020-05-08T11:23:18.452Z] May 08, 2020 1:23:18 PM com.google.cloud.datastore.emulator.impl.util.WrappedStreamObserver onError
INFO: operation failed: 
Null value error. for 'create' @ L25

[debug] [2020-05-08T11:23:18.537Z] May 08, 2020 1:23:18 PM com.google.cloud.datastore.emulator.impl.util.WrappedStreamObserver onError
INFO: operation failed: 
Service call error. Function: [get], Argument: [path_value {
  segments {
    simple: "databases"
  }
  segments {
    simple: "(default)"
  }
  segments {
    simple: "documents"
  }
  segments {
    simple: "Users"
  }
  segments {
    simple: "2"
  }
}
]. for 'create' @ L25

[debug] [2020-05-08T11:23:18.935Z] May 08, 2020 1:23:18 PM com.google.cloud.datastore.emulator.impl.util.WrappedStreamObserver onError
INFO: operation failed: 
Service call error. Function: [get], Argument: [path_value {
  segments {
    simple: "databases"
  }
  segments {
    simple: "(default)"
  }
  segments {
    simple: "documents"
  }
  segments {
    simple: "Users"
  }
  segments {
    simple: "2"
  }
}
]. for 'create' @ L31

[debug] [2020-05-08T11:23:19.430Z] May 08, 2020 1:23:19 PM com.google.cloud.datastore.emulator.impl.util.WrappedStreamObserver onError
INFO: operation failed: 
Null value error. for 'create' @ L37

[debug] [2020-05-08T11:23:33.989Z] May 08, 2020 1:23:33 PM io.gapi.emulators.netty.HttpVersionRoutingHandler channelRead
INFO: Detected HTTP/2 connection.

[debug] [2020-05-08T11:23:34.103Z] May 08, 2020 1:23:34 PM io.gapi.emulators.netty.HttpVersionRoutingHandler channelRead
INFO: Detected HTTP/2 connection.

[debug] [2020-05-08T11:23:34.131Z] May 08, 2020 1:23:34 PM com.google.cloud.datastore.emulator.impl.util.WrappedStreamObserver onError
INFO: operation failed: 
Null value error. for 'create' @ L25

[debug] [2020-05-08T11:23:34.217Z] May 08, 2020 1:23:34 PM com.google.cloud.datastore.emulator.impl.util.WrappedStreamObserver onError
INFO: operation failed: 
Service call error. Function: [get], Argument: [path_value {
  segments {
    simple: "databases"
  }
  segments {
    simple: "(default)"
  }
  segments {
    simple: "documents"
  }
  segments {
    simple: "Users"
  }
  segments {
    simple: "2"
  }
}
]. for 'create' @ L25

[debug] [2020-05-08T11:23:34.449Z] May 08, 2020 1:23:34 PM com.google.cloud.datastore.emulator.impl.util.WrappedStreamObserver onError
INFO: operation failed: 
Service call error. Function: [get], Argument: [path_value {
  segments {
    simple: "databases"
  }
  segments {
    simple: "(default)"
  }
  segments {
    simple: "documents"
  }
  segments {
    simple: "Users"
  }
  segments {
    simple: "2"
  }
}
]. for 'create' @ L31

[debug] [2020-05-08T11:23:34.920Z] May 08, 2020 1:23:34 PM com.google.cloud.datastore.emulator.impl.util.WrappedStreamObserver onError
INFO: operation failed: 
Null value error. for 'create' @ L37

[debug] [2020-05-08T11:24:25.588Z] May 08, 2020 1:24:25 PM io.gapi.emulators.netty.HttpVersionRoutingHandler channelRead
INFO: Detected HTTP/2 connection.

[debug] [2020-05-08T11:24:25.706Z] May 08, 2020 1:24:25 PM io.gapi.emulators.netty.HttpVersionRoutingHandler channelRead
INFO: Detected HTTP/2 connection.

[debug] [2020-05-08T11:24:25.737Z] May 08, 2020 1:24:25 PM com.google.cloud.datastore.emulator.impl.util.WrappedStreamObserver onError
INFO: operation failed: 
Null value error. for 'create' @ L25

[debug] [2020-05-08T11:24:25.822Z] May 08, 2020 1:24:25 PM com.google.cloud.datastore.emulator.impl.util.WrappedStreamObserver onError
INFO: operation failed: 
Service call error. Function: [get], Argument: [path_value {
  segments {
    simple: "databases"
  }
  segments {
    simple: "(default)"
  }
  segments {
    simple: "documents"
  }
  segments {
    simple: "Users"
  }
  segments {
    simple: "2"
  }
}
]. for 'create' @ L25

[debug] [2020-05-08T11:24:26.063Z] May 08, 2020 1:24:26 PM com.google.cloud.datastore.emulator.impl.util.WrappedStreamObserver onError
INFO: operation failed: 
Service call error. Function: [get], Argument: [path_value {
  segments {
    simple: "databases"
  }
  segments {
    simple: "(default)"
  }
  segments {
    simple: "documents"
  }
  segments {
    simple: "Users"
  }
  segments {
    simple: "2"
  }
}
]. for 'create' @ L31

[debug] [2020-05-08T11:24:26.524Z] May 08, 2020 1:24:26 PM com.google.cloud.datastore.emulator.impl.util.WrappedStreamObserver onError
INFO: operation failed: 
Null value error. for 'create' @ L37

[debug] [2020-05-08T11:25:39.714Z] May 08, 2020 1:25:39 PM io.gapi.emulators.netty.HttpVersionRoutingHandler channelRead
INFO: Detected HTTP/2 connection.

[debug] [2020-05-08T11:25:39.827Z] May 08, 2020 1:25:39 PM io.gapi.emulators.netty.HttpVersionRoutingHandler channelRead
INFO: Detected HTTP/2 connection.

[debug] [2020-05-08T11:25:39.858Z] May 08, 2020 1:25:39 PM com.google.cloud.datastore.emulator.impl.util.WrappedStreamObserver onError
INFO: operation failed: 
Null value error. for 'create' @ L25

[debug] [2020-05-08T11:25:39.950Z] May 08, 2020 1:25:39 PM com.google.cloud.datastore.emulator.impl.util.WrappedStreamObserver onError
INFO: operation failed: 
Service call error. Function: [get], Argument: [path_value {
  segments {
    simple: "databases"
  }
  segments {
    simple: "(default)"
  }
  segments {
    simple: "documents"
  }
  segments {
    simple: "Users"
  }
  segments {
    simple: "2"
  }
}
]. for 'create' @ L25

[debug] [2020-05-08T11:25:40.165Z] May 08, 2020 1:25:40 PM com.google.cloud.datastore.emulator.impl.util.WrappedStreamObserver onError
INFO: operation failed: 
Service call error. Function: [get], Argument: [path_value {
  segments {
    simple: "databases"
  }
  segments {
    simple: "(default)"
  }
  segments {
    simple: "documents"
  }
  segments {
    simple: "Users"
  }
  segments {
    simple: "2"
  }
}
]. for 'create' @ L31

[debug] [2020-05-08T11:25:40.644Z] May 08, 2020 1:25:40 PM com.google.cloud.datastore.emulator.impl.util.WrappedStreamObserver onError
INFO: operation failed: 
Null value error. for 'create' @ L37

[debug] [2020-05-08T11:26:19.821Z] May 08, 2020 1:26:19 PM io.gapi.emulators.netty.HttpVersionRoutingHandler channelRead
INFO: Detected HTTP/2 connection.

[debug] [2020-05-08T11:26:19.939Z] May 08, 2020 1:26:19 PM io.gapi.emulators.netty.HttpVersionRoutingHandler channelRead
INFO: Detected HTTP/2 connection.

[debug] [2020-05-08T11:26:19.967Z] May 08, 2020 1:26:19 PM com.google.cloud.datastore.emulator.impl.util.WrappedStreamObserver onError
INFO: operation failed: 
Null value error. for 'create' @ L25

[debug] [2020-05-08T11:26:20.055Z] May 08, 2020 1:26:20 PM com.google.cloud.datastore.emulator.impl.util.WrappedStreamObserver onError
INFO: operation failed: 
Service call error. Function: [get], Argument: [path_value {
  segments {
    simple: "databases"
  }
  segments {
    simple: "(default)"
  }
  segments {
    simple: "documents"
  }
  segments {
    simple: "Users"
  }
  segments {
    simple: "2"
  }
}
]. for 'create' @ L25

[debug] [2020-05-08T11:26:20.283Z] May 08, 2020 1:26:20 PM com.google.cloud.datastore.emulator.impl.util.WrappedStreamObserver onError
INFO: operation failed: 
Service call error. Function: [get], Argument: [path_value {
  segments {
    simple: "databases"
  }
  segments {
    simple: "(default)"
  }
  segments {
    simple: "documents"
  }
  segments {
    simple: "Users"
  }
  segments {
    simple: "2"
  }
}
]. for 'create' @ L31

[debug] [2020-05-08T11:26:20.761Z] May 08, 2020 1:26:20 PM com.google.cloud.datastore.emulator.impl.util.WrappedStreamObserver onError
INFO: operation failed: 
Null value error. for 'create' @ L37

[debug] [2020-05-08T11:27:21.187Z] May 08, 2020 1:27:21 PM io.gapi.emulators.netty.HttpVersionRoutingHandler channelRead
INFO: Detected HTTP/2 connection.

[debug] [2020-05-08T11:27:21.303Z] May 08, 2020 1:27:21 PM io.gapi.emulators.netty.HttpVersionRoutingHandler channelRead
INFO: Detected HTTP/2 connection.

[debug] [2020-05-08T11:27:21.329Z] May 08, 2020 1:27:21 PM com.google.cloud.datastore.emulator.impl.util.WrappedStreamObserver onError
INFO: operation failed: 
Null value error. for 'create' @ L25

[debug] [2020-05-08T11:27:21.412Z] May 08, 2020 1:27:21 PM com.google.cloud.datastore.emulator.impl.util.WrappedStreamObserver onError
INFO: operation failed: 
Service call error. Function: [get], Argument: [path_value {
  segments {
    simple: "databases"
  }
  segments {
    simple: "(default)"
  }
  segments {
    simple: "documents"
  }
  segments {
    simple: "Users"
  }
  segments {
    simple: "2"
  }
}
]. for 'create' @ L25

[debug] [2020-05-08T11:27:21.711Z] May 08, 2020 1:27:21 PM com.google.cloud.datastore.emulator.impl.util.WrappedStreamObserver onError
INFO: operation failed: 
Null value error. for 'create' @ L31

[debug] [2020-05-08T11:27:21.780Z] May 08, 2020 1:27:21 PM com.google.cloud.datastore.emulator.impl.util.WrappedStreamObserver onError
INFO: operation failed: 
Service call error. Function: [get], Argument: [path_value {
  segments {
    simple: "databases"
  }
  segments {
    simple: "(default)"
  }
  segments {
    simple: "documents"
  }
  segments {
    simple: "Users"
  }
  segments {
    simple: "2"
  }
}
]. for 'create' @ L31

[debug] [2020-05-08T11:27:21.994Z] May 08, 2020 1:27:21 PM com.google.cloud.datastore.emulator.impl.util.WrappedStreamObserver onError
INFO: operation failed: 
Null value error. for 'create' @ L37

[debug] [2020-05-08T11:42:42.594Z] May 08, 2020 1:42:42 PM io.gapi.emulators.netty.HttpVersionRoutingHandler channelRead
INFO: Detected HTTP/2 connection.

[debug] [2020-05-08T11:42:42.716Z] May 08, 2020 1:42:42 PM io.gapi.emulators.netty.HttpVersionRoutingHandler channelRead
INFO: Detected HTTP/2 connection.

[debug] [2020-05-08T11:42:42.745Z] May 08, 2020 1:42:42 PM com.google.cloud.datastore.emulator.impl.util.WrappedStreamObserver onError
INFO: operation failed: 
Null value error. for 'create' @ L25

[debug] [2020-05-08T11:42:42.826Z] May 08, 2020 1:42:42 PM com.google.cloud.datastore.emulator.impl.util.WrappedStreamObserver onError
INFO: operation failed: 
Service call error. Function: [get], Argument: [path_value {
  segments {
    simple: "databases"
  }
  segments {
    simple: "(default)"
  }
  segments {
    simple: "documents"
  }
  segments {
    simple: "Users"
  }
  segments {
    simple: "2"
  }
}
]. for 'create' @ L25

[debug] [2020-05-08T11:42:43.123Z] May 08, 2020 1:42:43 PM com.google.cloud.datastore.emulator.impl.util.WrappedStreamObserver onError
INFO: operation failed: 
Null value error. for 'create' @ L31

[debug] [2020-05-08T11:42:43.185Z] May 08, 2020 1:42:43 PM com.google.cloud.datastore.emulator.impl.util.WrappedStreamObserver onError
INFO: operation failed: 
Service call error. Function: [get], Argument: [path_value {
  segments {
    simple: "databases"
  }
  segments {
    simple: "(default)"
  }
  segments {
    simple: "documents"
  }
  segments {
    simple: "Users"
  }
  segments {
    simple: "2"
  }
}
]. for 'create' @ L31

[debug] [2020-05-08T11:42:43.445Z] May 08, 2020 1:42:43 PM com.google.cloud.datastore.emulator.impl.util.WrappedStreamObserver onError
INFO: operation failed: 
Null value error. for 'create' @ L37

[debug] [2020-05-08T11:42:43.499Z] May 08, 2020 1:42:43 PM com.google.cloud.datastore.emulator.impl.util.WrappedStreamObserver onError
INFO: operation failed: 
Null value error. for 'create' @ L37

[debug] [2020-05-08T11:42:43.620Z] May 08, 2020 1:42:43 PM com.google.cloud.datastore.emulator.impl.util.WrappedStreamObserver onError
INFO: operation failed: 
Null value error. for 'create' @ L37

[debug] [2020-05-08T11:42:43.741Z] May 08, 2020 1:42:43 PM com.google.cloud.datastore.emulator.impl.util.WrappedStreamObserver onError
INFO: operation failed: 
Null value error. for 'create' @ L37

[debug] [2020-05-08T11:43:46.923Z] May 08, 2020 1:43:46 PM io.gapi.emulators.netty.HttpVersionRoutingHandler channelRead
INFO: Detected HTTP/2 connection.

[debug] [2020-05-08T11:43:47.037Z] May 08, 2020 1:43:47 PM io.gapi.emulators.netty.HttpVersionRoutingHandler channelRead
INFO: Detected HTTP/2 connection.

[debug] [2020-05-08T11:43:47.064Z] May 08, 2020 1:43:47 PM com.google.cloud.datastore.emulator.impl.util.WrappedStreamObserver onError
INFO: operation failed: 
Null value error. for 'create' @ L25

[debug] [2020-05-08T11:43:47.145Z] May 08, 2020 1:43:47 PM com.google.cloud.datastore.emulator.impl.util.WrappedStreamObserver onError
INFO: operation failed: 
Service call error. Function: [get], Argument: [path_value {
  segments {
    simple: "databases"
  }
  segments {
    simple: "(default)"
  }
  segments {
    simple: "documents"
  }
  segments {
    simple: "Users"
  }
  segments {
    simple: "2"
  }
}
]. for 'create' @ L25

[debug] [2020-05-08T11:43:47.430Z] May 08, 2020 1:43:47 PM com.google.cloud.datastore.emulator.impl.util.WrappedStreamObserver onError
INFO: operation failed: 
Null value error. for 'create' @ L31

[debug] [2020-05-08T11:43:47.494Z] May 08, 2020 1:43:47 PM com.google.cloud.datastore.emulator.impl.util.WrappedStreamObserver onError
INFO: operation failed: 
Service call error. Function: [get], Argument: [path_value {
  segments {
    simple: "databases"
  }
  segments {
    simple: "(default)"
  }
  segments {
    simple: "documents"
  }
  segments {
    simple: "Users"
  }
  segments {
    simple: "2"
  }
}
]. for 'create' @ L31

[debug] [2020-05-08T11:43:47.759Z] May 08, 2020 1:43:47 PM com.google.cloud.datastore.emulator.impl.util.WrappedStreamObserver onError
INFO: operation failed: 
Null value error. for 'create' @ L37

[debug] [2020-05-08T11:43:47.817Z] May 08, 2020 1:43:47 PM com.google.cloud.datastore.emulator.impl.util.WrappedStreamObserver onError
INFO: operation failed: 
Null value error. for 'create' @ L37

[debug] [2020-05-08T11:43:47.876Z] May 08, 2020 1:43:47 PM com.google.cloud.datastore.emulator.impl.util.WrappedStreamObserver onError
INFO: operation failed: 
Null value error. for 'create' @ L37

[debug] [2020-05-08T11:43:47.988Z] May 08, 2020 1:43:47 PM com.google.cloud.datastore.emulator.impl.util.WrappedStreamObserver onError
INFO: operation failed: 
Null value error. for 'create' @ L37

[info] i  firestore: Change detected, updating rules...
[debug] [2020-05-08T11:45:52.680Z] >>> HTTP REQUEST PUT http://localhost:8080/emulator/v1/projects/feast-782f3:securityRules  
 {"ignore_errors":true,"rules":{"files":[{"name":"security.rules","content":"rules_version = '2';\r\nservice cloud.firestore {\r\n  match /databases/{database}/documents {\r\n\r\n  function isAdmin() {\r\n  \treturn get(/databases/$(database)/documents/Users/$(request.auth.uid)).data.role == \"Admin\" ||\r\n    resource.data.userId == request.auth.uid;\r\n  }\r\n\r\n  function isUser() {\r\n  \treturn request.auth.uid != null;\r\n  }\r\n\r\n  function isAuthor(requesterID ,userID) {\r\n  \treturn requesterID == userID;\r\n  }\r\n\r\n  function isRecipeAuthor(requesterID, recipeId) {\r\n  \treturn get(/databases/$(database)/documents/UserRecipe/$(recipeId)).data.userId == requesterID;\r\n  }\r\n\r\n\r\n    match /Recipes/{document} {\r\n      allow read: if isUser();\r\n\r\n      allow write: if isAdmin();\r\n\r\n\r\n    }\r\n\r\n    match /Users/{userId} {\r\n    \tallow read, write: if isAdmin() || isAuthor(request.auth.uid, userId);\r\n\r\n\r\n    }\r\n\r\n    match /UserRecipe/{recipeId} {\r\n    \tallow read, write: if isRecipeAuthor(request.auth.uid, recipeId) || isAdmin();\r\n    }\r\n  }\r\n}\r\n"}]}}
[debug] [2020-05-08T11:45:52.688Z] May 08, 2020 1:45:52 PM io.gapi.emulators.netty.HttpVersionRoutingHandler channelRead
INFO: Detected non-HTTP/2 connection.

[debug] [2020-05-08T11:45:52.697Z] May 08, 2020 1:45:52 PM io.gapi.emulators.netty.HttpVersionRoutingHandler channelRead
INFO: Detected HTTP/2 connection.

[debug] [2020-05-08T11:45:52.715Z] <<< HTTP RESPONSE 200 {"content-type":"application/json","content-length":"4"}
[info] +  firestore: Rules updated.
[debug] [2020-05-08T11:45:57.898Z] May 08, 2020 1:45:57 PM io.gapi.emulators.netty.HttpVersionRoutingHandler channelRead
INFO: Detected HTTP/2 connection.

[debug] [2020-05-08T11:45:58.017Z] May 08, 2020 1:45:58 PM io.gapi.emulators.netty.HttpVersionRoutingHandler channelRead
INFO: Detected HTTP/2 connection.

[debug] [2020-05-08T11:45:58.048Z] May 08, 2020 1:45:58 PM com.google.cloud.datastore.emulator.impl.util.WrappedStreamObserver onError
INFO: operation failed: 
Null value error. for 'create' @ L26

[debug] [2020-05-08T11:45:58.129Z] May 08, 2020 1:45:58 PM com.google.cloud.datastore.emulator.impl.util.WrappedStreamObserver onError
INFO: operation failed: 
Service call error. Function: [get], Argument: [path_value {
  segments {
    simple: "databases"
  }
  segments {
    simple: "(default)"
  }
  segments {
    simple: "documents"
  }
  segments {
    simple: "Users"
  }
  segments {
    simple: "2"
  }
}
]. for 'create' @ L26

[debug] [2020-05-08T11:45:58.484Z] May 08, 2020 1:45:58 PM com.google.cloud.datastore.emulator.impl.util.WrappedStreamObserver onError
INFO: operation failed: 
Null value error. for 'create' @ L32

[debug] [2020-05-08T11:45:58.551Z] May 08, 2020 1:45:58 PM com.google.cloud.datastore.emulator.impl.util.WrappedStreamObserver onError
INFO: operation failed: 
Service call error. Function: [get], Argument: [path_value {
  segments {
    simple: "databases"
  }
  segments {
    simple: "(default)"
  }
  segments {
    simple: "documents"
  }
  segments {
    simple: "Users"
  }
  segments {
    simple: "2"
  }
}
]. for 'create' @ L32

[debug] [2020-05-08T11:45:58.850Z] May 08, 2020 1:45:58 PM com.google.cloud.datastore.emulator.impl.util.WrappedStreamObserver onError
INFO: operation failed: 
Null value error. for 'create' @ L38

[debug] [2020-05-08T11:45:58.917Z] May 08, 2020 1:45:58 PM com.google.cloud.datastore.emulator.impl.util.WrappedStreamObserver onError
INFO: operation failed: 
Null value error. for 'create' @ L38

[debug] [2020-05-08T11:45:58.984Z] May 08, 2020 1:45:58 PM com.google.cloud.datastore.emulator.impl.util.WrappedStreamObserver onError
INFO: operation failed: 
Null value error. for 'create' @ L38

[debug] [2020-05-08T11:45:59.361Z] May 08, 2020 1:45:59 PM com.google.cloud.datastore.emulator.impl.util.WrappedStreamObserver onError
INFO: operation failed: 
Null value error. for 'create' @ L38

[debug] [2020-05-08T11:51:46.065Z] May 08, 2020 1:51:46 PM io.gapi.emulators.netty.HttpVersionRoutingHandler channelRead
INFO: Detected HTTP/2 connection.

[debug] [2020-05-08T11:51:46.098Z] May 08, 2020 1:51:46 PM com.google.cloud.datastore.emulator.impl.util.WrappedStreamObserver onError
INFO: operation failed: Error compiling rules:
L9:1 Unexpected '<EOF>'.
L9:1 missing '}' at '<EOF>'

[debug] [2020-05-08T11:51:46.230Z] May 08, 2020 1:51:46 PM com.google.cloud.datastore.emulator.impl.util.WrappedStreamObserver onError
INFO: operation failed: Error compiling rules:
L9:1 Unexpected '<EOF>'.
L9:1 missing '}' at '<EOF>'

[debug] [2020-05-08T11:51:46.279Z] May 08, 2020 1:51:46 PM com.google.cloud.datastore.emulator.impl.util.WrappedStreamObserver onError
INFO: operation failed: Error compiling rules:
L9:1 Unexpected '<EOF>'.
L9:1 missing '}' at '<EOF>'

[debug] [2020-05-08T11:51:46.322Z] May 08, 2020 1:51:46 PM com.google.cloud.datastore.emulator.impl.util.WrappedStreamObserver onError
INFO: operation failed: Error compiling rules:
L9:1 Unexpected '<EOF>'.
L9:1 missing '}' at '<EOF>'

[debug] [2020-05-08T11:51:46.373Z] May 08, 2020 1:51:46 PM com.google.cloud.datastore.emulator.impl.util.WrappedStreamObserver onError
INFO: operation failed: Error compiling rules:
L9:1 Unexpected '<EOF>'.
L9:1 missing '}' at '<EOF>'

[debug] [2020-05-08T11:51:46.415Z] May 08, 2020 1:51:46 PM com.google.cloud.datastore.emulator.impl.util.WrappedStreamObserver onError
INFO: operation failed: Error compiling rules:
L9:1 Unexpected '<EOF>'.
L9:1 missing '}' at '<EOF>'

[debug] [2020-05-08T11:51:46.457Z] May 08, 2020 1:51:46 PM com.google.cloud.datastore.emulator.impl.util.WrappedStreamObserver onError
INFO: operation failed: Error compiling rules:
L9:1 Unexpected '<EOF>'.
L9:1 missing '}' at '<EOF>'

[debug] [2020-05-08T11:51:46.493Z] May 08, 2020 1:51:46 PM com.google.cloud.datastore.emulator.impl.util.WrappedStreamObserver onError
INFO: operation failed: Error compiling rules:
L9:1 Unexpected '<EOF>'.
L9:1 missing '}' at '<EOF>'

[debug] [2020-05-08T11:51:46.534Z] May 08, 2020 1:51:46 PM com.google.cloud.datastore.emulator.impl.util.WrappedStreamObserver onError
INFO: operation failed: Error compiling rules:
L9:1 Unexpected '<EOF>'.
L9:1 missing '}' at '<EOF>'

[debug] [2020-05-08T11:52:24.305Z] May 08, 2020 1:52:24 PM io.gapi.emulators.netty.HttpVersionRoutingHandler channelRead
INFO: Detected HTTP/2 connection.

[debug] [2020-05-08T11:52:24.417Z] May 08, 2020 1:52:24 PM io.gapi.emulators.netty.HttpVersionRoutingHandler channelRead
INFO: Detected HTTP/2 connection.

[debug] [2020-05-08T11:52:24.446Z] May 08, 2020 1:52:24 PM com.google.cloud.datastore.emulator.impl.util.WrappedStreamObserver onError
INFO: operation failed: 
Null value error. for 'create' @ L26

[debug] [2020-05-08T11:52:24.521Z] May 08, 2020 1:52:24 PM com.google.cloud.datastore.emulator.impl.util.WrappedStreamObserver onError
INFO: operation failed: 
Service call error. Function: [get], Argument: [path_value {
  segments {
    simple: "databases"
  }
  segments {
    simple: "(default)"
  }
  segments {
    simple: "documents"
  }
  segments {
    simple: "Users"
  }
  segments {
    simple: "2"
  }
}
]. for 'create' @ L26

[debug] [2020-05-08T11:52:24.809Z] May 08, 2020 1:52:24 PM com.google.cloud.datastore.emulator.impl.util.WrappedStreamObserver onError
INFO: operation failed: 
Null value error. for 'create' @ L32

[debug] [2020-05-08T11:52:24.865Z] May 08, 2020 1:52:24 PM com.google.cloud.datastore.emulator.impl.util.WrappedStreamObserver onError
INFO: operation failed: 
Service call error. Function: [get], Argument: [path_value {
  segments {
    simple: "databases"
  }
  segments {
    simple: "(default)"
  }
  segments {
    simple: "documents"
  }
  segments {
    simple: "Users"
  }
  segments {
    simple: "2"
  }
}
]. for 'create' @ L32

[debug] [2020-05-08T11:52:25.124Z] May 08, 2020 1:52:25 PM com.google.cloud.datastore.emulator.impl.util.WrappedStreamObserver onError
INFO: operation failed: 
Null value error. for 'create' @ L38

[debug] [2020-05-08T11:52:25.179Z] May 08, 2020 1:52:25 PM com.google.cloud.datastore.emulator.impl.util.WrappedStreamObserver onError
INFO: operation failed: 
Null value error. for 'create' @ L38

[debug] [2020-05-08T11:52:25.241Z] May 08, 2020 1:52:25 PM com.google.cloud.datastore.emulator.impl.util.WrappedStreamObserver onError
INFO: operation failed: 
Null value error. for 'create' @ L38

[debug] [2020-05-08T11:52:25.589Z] May 08, 2020 1:52:25 PM com.google.cloud.datastore.emulator.impl.util.WrappedStreamObserver onError
INFO: operation failed: 
Null value error. for 'create' @ L38

[info] i  firestore: Change detected, updating rules...
[debug] [2020-05-08T12:05:53.900Z] >>> HTTP REQUEST PUT http://localhost:8080/emulator/v1/projects/feast-782f3:securityRules  
 {"ignore_errors":true,"rules":{"files":[{"name":"security.rules","content":"rules_version = '2';\r\nservice cloud.firestore {\r\n  match /databases/{database}/documents {\r\n\r\n  function isAdmin() {\r\n  \treturn get(/databases/$(database)/documents/Users/$(request.auth.uid)).data.role == \"Admin\";\r\n\r\n  }\r\n\r\n  function isUser() {\r\n  \treturn request.auth.uid != null;\r\n  }\r\n\r\n  function isAuthor(requesterID ,userID) {\r\n  \treturn requesterID == userID;\r\n  }\r\n\r\n  function isRecipeAuthor(requesterID, recipeId) {\r\n  \treturn request.resource.data.userId == requesterID || get(/databases/$(database)/documents/UserRecipe/$(recipeId)).data.userId == requesterID;\r\n  }\r\n\r\n\r\n    match /Recipes/{document} {\r\n      allow read: if isUser();\r\n\r\n      allow write: if isAdmin();\r\n\r\n\r\n    }\r\n\r\n    match /Users/{userId} {\r\n    \tallow read, write: if isAdmin() || isAuthor(request.auth.uid, userId);\r\n\r\n\r\n    }\r\n\r\n    match /UserRecipe/{recipeId} {\r\n    \tallow read, write: if isRecipeAuthor(request.auth.uid, recipeId) || isAdmin();\r\n    }\r\n  }\r\n}\r\n"}]}}
[debug] [2020-05-08T12:05:53.904Z] May 08, 2020 2:05:53 PM io.gapi.emulators.netty.HttpVersionRoutingHandler channelRead
INFO: Detected non-HTTP/2 connection.

[debug] [2020-05-08T12:05:53.922Z] <<< HTTP RESPONSE 200 {"content-type":"application/json","content-length":"4"}
[info] +  firestore: Rules updated.
[debug] [2020-05-08T12:05:59.148Z] May 08, 2020 2:05:59 PM io.gapi.emulators.netty.HttpVersionRoutingHandler channelRead
INFO: Detected HTTP/2 connection.

[debug] [2020-05-08T12:05:59.266Z] May 08, 2020 2:05:59 PM io.gapi.emulators.netty.HttpVersionRoutingHandler channelRead
INFO: Detected HTTP/2 connection.

[debug] [2020-05-08T12:05:59.293Z] May 08, 2020 2:05:59 PM com.google.cloud.datastore.emulator.impl.util.WrappedStreamObserver onError
INFO: operation failed: 
Null value error. for 'create' @ L26

[debug] [2020-05-08T12:05:59.371Z] May 08, 2020 2:05:59 PM com.google.cloud.datastore.emulator.impl.util.WrappedStreamObserver onError
INFO: operation failed: 
Service call error. Function: [get], Argument: [path_value {
  segments {
    simple: "databases"
  }
  segments {
    simple: "(default)"
  }
  segments {
    simple: "documents"
  }
  segments {
    simple: "Users"
  }
  segments {
    simple: "2"
  }
}
]. for 'create' @ L26

[debug] [2020-05-08T12:05:59.653Z] May 08, 2020 2:05:59 PM com.google.cloud.datastore.emulator.impl.util.WrappedStreamObserver onError
INFO: operation failed: 
Null value error. for 'create' @ L32

[debug] [2020-05-08T12:05:59.712Z] May 08, 2020 2:05:59 PM com.google.cloud.datastore.emulator.impl.util.WrappedStreamObserver onError
INFO: operation failed: 
Service call error. Function: [get], Argument: [path_value {
  segments {
    simple: "databases"
  }
  segments {
    simple: "(default)"
  }
  segments {
    simple: "documents"
  }
  segments {
    simple: "Users"
  }
  segments {
    simple: "2"
  }
}
]. for 'create' @ L32

[debug] [2020-05-08T12:05:59.947Z] May 08, 2020 2:05:59 PM com.google.cloud.datastore.emulator.impl.util.WrappedStreamObserver onError
INFO: operation failed: 
Property userId is undefined on object. for 'create' @ L38

[debug] [2020-05-08T12:06:00.009Z] May 08, 2020 2:06:00 PM com.google.cloud.datastore.emulator.impl.util.WrappedStreamObserver onError
INFO: operation failed: 
Property userId is undefined on object. for 'create' @ L38

[debug] [2020-05-08T12:06:00.072Z] May 08, 2020 2:06:00 PM com.google.cloud.datastore.emulator.impl.util.WrappedStreamObserver onError
INFO: operation failed: 
Property userId is undefined on object. for 'create' @ L38

[debug] [2020-05-08T12:06:00.491Z] May 08, 2020 2:06:00 PM com.google.cloud.datastore.emulator.impl.util.WrappedStreamObserver onError
INFO: operation failed: 
Property userId is undefined on object. for 'create' @ L38

[debug] [2020-05-08T12:06:51.604Z] May 08, 2020 2:06:51 PM io.gapi.emulators.netty.HttpVersionRoutingHandler channelRead
INFO: Detected HTTP/2 connection.

[debug] [2020-05-08T12:06:51.758Z] May 08, 2020 2:06:51 PM io.gapi.emulators.netty.HttpVersionRoutingHandler channelRead
INFO: Detected HTTP/2 connection.

[debug] [2020-05-08T12:06:51.783Z] May 08, 2020 2:06:51 PM com.google.cloud.datastore.emulator.impl.util.WrappedStreamObserver onError
INFO: operation failed: 
Null value error. for 'create' @ L26

[debug] [2020-05-08T12:06:51.863Z] May 08, 2020 2:06:51 PM com.google.cloud.datastore.emulator.impl.util.WrappedStreamObserver onError
INFO: operation failed: 
Service call error. Function: [get], Argument: [path_value {
  segments {
    simple: "databases"
  }
  segments {
    simple: "(default)"
  }
  segments {
    simple: "documents"
  }
  segments {
    simple: "Users"
  }
  segments {
    simple: "2"
  }
}
]. for 'create' @ L26

[debug] [2020-05-08T12:06:52.225Z] May 08, 2020 2:06:52 PM com.google.cloud.datastore.emulator.impl.util.WrappedStreamObserver onError
INFO: operation failed: 
Null value error. for 'create' @ L32

[debug] [2020-05-08T12:06:52.292Z] May 08, 2020 2:06:52 PM com.google.cloud.datastore.emulator.impl.util.WrappedStreamObserver onError
INFO: operation failed: 
Service call error. Function: [get], Argument: [path_value {
  segments {
    simple: "databases"
  }
  segments {
    simple: "(default)"
  }
  segments {
    simple: "documents"
  }
  segments {
    simple: "Users"
  }
  segments {
    simple: "2"
  }
}
]. for 'create' @ L32

[debug] [2020-05-08T12:06:52.532Z] May 08, 2020 2:06:52 PM com.google.cloud.datastore.emulator.impl.util.WrappedStreamObserver onError
INFO: operation failed: 
Property userId is undefined on object. for 'create' @ L38

[debug] [2020-05-08T12:06:52.582Z] May 08, 2020 2:06:52 PM com.google.cloud.datastore.emulator.impl.util.WrappedStreamObserver onError
INFO: operation failed: 
Property userId is undefined on object. for 'create' @ L38

[debug] [2020-05-08T12:06:52.634Z] May 08, 2020 2:06:52 PM com.google.cloud.datastore.emulator.impl.util.WrappedStreamObserver onError
INFO: operation failed: 
Property userId is undefined on object. for 'create' @ L38

[debug] [2020-05-08T12:06:52.997Z] May 08, 2020 2:06:52 PM com.google.cloud.datastore.emulator.impl.util.WrappedStreamObserver onError
INFO: operation failed: 
Property userId is undefined on object. for 'create' @ L38

[debug] [2020-05-08T12:09:29.746Z] May 08, 2020 2:09:29 PM io.gapi.emulators.netty.HttpVersionRoutingHandler channelRead
INFO: Detected HTTP/2 connection.

[debug] [2020-05-08T12:09:29.857Z] May 08, 2020 2:09:29 PM io.gapi.emulators.netty.HttpVersionRoutingHandler channelRead
INFO: Detected HTTP/2 connection.

[debug] [2020-05-08T12:09:29.893Z] May 08, 2020 2:09:29 PM com.google.cloud.datastore.emulator.impl.util.WrappedStreamObserver onError
INFO: operation failed: 
Null value error. for 'create' @ L26

[debug] [2020-05-08T12:09:29.970Z] May 08, 2020 2:09:29 PM com.google.cloud.datastore.emulator.impl.util.WrappedStreamObserver onError
INFO: operation failed: 
Service call error. Function: [get], Argument: [path_value {
  segments {
    simple: "databases"
  }
  segments {
    simple: "(default)"
  }
  segments {
    simple: "documents"
  }
  segments {
    simple: "Users"
  }
  segments {
    simple: "2"
  }
}
]. for 'create' @ L26

[debug] [2020-05-08T12:09:30.247Z] May 08, 2020 2:09:30 PM com.google.cloud.datastore.emulator.impl.util.WrappedStreamObserver onError
INFO: operation failed: 
Null value error. for 'create' @ L32

[debug] [2020-05-08T12:09:30.304Z] May 08, 2020 2:09:30 PM com.google.cloud.datastore.emulator.impl.util.WrappedStreamObserver onError
INFO: operation failed: 
Service call error. Function: [get], Argument: [path_value {
  segments {
    simple: "databases"
  }
  segments {
    simple: "(default)"
  }
  segments {
    simple: "documents"
  }
  segments {
    simple: "Users"
  }
  segments {
    simple: "2"
  }
}
]. for 'create' @ L32

[debug] [2020-05-08T12:09:30.540Z] May 08, 2020 2:09:30 PM com.google.cloud.datastore.emulator.impl.util.WrappedStreamObserver onError
INFO: operation failed: 
Property userId is undefined on object. for 'create' @ L38

[debug] [2020-05-08T12:09:30.598Z] May 08, 2020 2:09:30 PM com.google.cloud.datastore.emulator.impl.util.WrappedStreamObserver onError
INFO: operation failed: 
Property userId is undefined on object. for 'create' @ L38

[debug] [2020-05-08T12:09:30.658Z] May 08, 2020 2:09:30 PM com.google.cloud.datastore.emulator.impl.util.WrappedStreamObserver onError
INFO: operation failed: 
Property userId is undefined on object. for 'create' @ L38

[debug] [2020-05-08T12:09:31.029Z] May 08, 2020 2:09:31 PM com.google.cloud.datastore.emulator.impl.util.WrappedStreamObserver onError
INFO: operation failed: 
Property userId is undefined on object. for 'create' @ L38

[debug] [2020-05-08T12:10:25.543Z] May 08, 2020 2:10:25 PM io.gapi.emulators.netty.HttpVersionRoutingHandler channelRead
INFO: Detected HTTP/2 connection.

[debug] [2020-05-08T12:10:25.652Z] May 08, 2020 2:10:25 PM io.gapi.emulators.netty.HttpVersionRoutingHandler channelRead
INFO: Detected HTTP/2 connection.

[debug] [2020-05-08T12:10:25.681Z] May 08, 2020 2:10:25 PM com.google.cloud.datastore.emulator.impl.util.WrappedStreamObserver onError
INFO: operation failed: 
Null value error. for 'create' @ L26

[debug] [2020-05-08T12:10:25.753Z] May 08, 2020 2:10:25 PM com.google.cloud.datastore.emulator.impl.util.WrappedStreamObserver onError
INFO: operation failed: 
Service call error. Function: [get], Argument: [path_value {
  segments {
    simple: "databases"
  }
  segments {
    simple: "(default)"
  }
  segments {
    simple: "documents"
  }
  segments {
    simple: "Users"
  }
  segments {
    simple: "2"
  }
}
]. for 'create' @ L26

[debug] [2020-05-08T12:10:26.018Z] May 08, 2020 2:10:26 PM com.google.cloud.datastore.emulator.impl.util.WrappedStreamObserver onError
INFO: operation failed: 
Null value error. for 'create' @ L32

[debug] [2020-05-08T12:10:26.076Z] May 08, 2020 2:10:26 PM com.google.cloud.datastore.emulator.impl.util.WrappedStreamObserver onError
INFO: operation failed: 
Service call error. Function: [get], Argument: [path_value {
  segments {
    simple: "databases"
  }
  segments {
    simple: "(default)"
  }
  segments {
    simple: "documents"
  }
  segments {
    simple: "Users"
  }
  segments {
    simple: "2"
  }
}
]. for 'create' @ L32

[debug] [2020-05-08T12:10:26.309Z] May 08, 2020 2:10:26 PM com.google.cloud.datastore.emulator.impl.util.WrappedStreamObserver onError
INFO: operation failed: 
Null value error. for 'create' @ L38

[debug] [2020-05-08T12:10:26.363Z] May 08, 2020 2:10:26 PM com.google.cloud.datastore.emulator.impl.util.WrappedStreamObserver onError
INFO: operation failed: 
Null value error. for 'create' @ L38

[debug] [2020-05-08T12:10:26.519Z] May 08, 2020 2:10:26 PM com.google.cloud.datastore.emulator.impl.util.WrappedStreamObserver onError
INFO: operation failed: 
Property userId is undefined on object. for 'create' @ L38

[debug] [2020-05-08T12:15:54.905Z] May 08, 2020 2:15:54 PM io.gapi.emulators.netty.HttpVersionRoutingHandler channelRead
INFO: Detected HTTP/2 connection.

[debug] [2020-05-08T12:15:55.031Z] May 08, 2020 2:15:55 PM io.gapi.emulators.netty.HttpVersionRoutingHandler channelRead
INFO: Detected HTTP/2 connection.

[debug] [2020-05-08T12:15:55.062Z] May 08, 2020 2:15:55 PM com.google.cloud.datastore.emulator.impl.util.WrappedStreamObserver onError
INFO: operation failed: 
Null value error. for 'create' @ L26

[debug] [2020-05-08T12:15:55.136Z] May 08, 2020 2:15:55 PM com.google.cloud.datastore.emulator.impl.util.WrappedStreamObserver onError
INFO: operation failed: 
Service call error. Function: [get], Argument: [path_value {
  segments {
    simple: "databases"
  }
  segments {
    simple: "(default)"
  }
  segments {
    simple: "documents"
  }
  segments {
    simple: "Users"
  }
  segments {
    simple: "2"
  }
}
]. for 'create' @ L26

[debug] [2020-05-08T12:15:55.429Z] May 08, 2020 2:15:55 PM com.google.cloud.datastore.emulator.impl.util.WrappedStreamObserver onError
INFO: operation failed: 
Null value error. for 'create' @ L32

[debug] [2020-05-08T12:15:55.490Z] May 08, 2020 2:15:55 PM com.google.cloud.datastore.emulator.impl.util.WrappedStreamObserver onError
INFO: operation failed: 
Service call error. Function: [get], Argument: [path_value {
  segments {
    simple: "databases"
  }
  segments {
    simple: "(default)"
  }
  segments {
    simple: "documents"
  }
  segments {
    simple: "Users"
  }
  segments {
    simple: "2"
  }
}
]. for 'create' @ L32

[debug] [2020-05-08T12:15:55.760Z] May 08, 2020 2:15:55 PM com.google.cloud.datastore.emulator.impl.util.WrappedStreamObserver onError
INFO: operation failed: 
Null value error. for 'create' @ L38

[debug] [2020-05-08T12:15:55.815Z] May 08, 2020 2:15:55 PM com.google.cloud.datastore.emulator.impl.util.WrappedStreamObserver onError
INFO: operation failed: 
Null value error. for 'create' @ L38

[debug] [2020-05-08T12:15:56.069Z] May 08, 2020 2:15:56 PM com.google.cloud.datastore.emulator.impl.util.WrappedStreamObserver onError
INFO: operation failed: 
Property userId is undefined on object. for 'create' @ L38

[debug] [2020-05-08T12:18:20.422Z] May 08, 2020 2:18:20 PM io.gapi.emulators.netty.HttpVersionRoutingHandler channelRead
INFO: Detected HTTP/2 connection.

[debug] [2020-05-08T12:18:20.506Z] May 08, 2020 2:18:20 PM io.gapi.emulators.netty.HttpVersionRoutingHandler channelRead
INFO: Detected HTTP/2 connection.

[debug] [2020-05-08T12:18:20.564Z] May 08, 2020 2:18:20 PM com.google.cloud.datastore.emulator.impl.util.WrappedStreamObserver onError
INFO: operation failed: 
Null value error. for 'create' @ L26

[debug] [2020-05-08T12:18:20.659Z] May 08, 2020 2:18:20 PM com.google.cloud.datastore.emulator.impl.util.WrappedStreamObserver onError
INFO: operation failed: 
false for 'create' @ L26

[debug] [2020-05-08T12:18:20.988Z] May 08, 2020 2:18:20 PM com.google.cloud.datastore.emulator.impl.util.WrappedStreamObserver onError
INFO: operation failed: 
Null value error. for 'create' @ L32

[debug] [2020-05-08T12:18:21.048Z] May 08, 2020 2:18:21 PM com.google.cloud.datastore.emulator.impl.util.WrappedStreamObserver onError
INFO: operation failed: 
false for 'update' @ L32

[debug] [2020-05-08T12:18:21.310Z] May 08, 2020 2:18:21 PM com.google.cloud.datastore.emulator.impl.util.WrappedStreamObserver onError
INFO: operation failed: 
Null value error. for 'create' @ L38

[debug] [2020-05-08T12:18:21.363Z] May 08, 2020 2:18:21 PM com.google.cloud.datastore.emulator.impl.util.WrappedStreamObserver onError
INFO: operation failed: 
Null value error. for 'create' @ L38

[debug] [2020-05-08T12:18:21.590Z] May 08, 2020 2:18:21 PM com.google.cloud.datastore.emulator.impl.util.WrappedStreamObserver onError
INFO: operation failed: 
Property userId is undefined on object. for 'create' @ L38

[debug] [2020-05-08T12:24:39.562Z] May 08, 2020 2:24:39 PM io.gapi.emulators.netty.HttpVersionRoutingHandler channelRead
INFO: Detected HTTP/2 connection.

[debug] [2020-05-08T12:24:39.651Z] May 08, 2020 2:24:39 PM io.gapi.emulators.netty.HttpVersionRoutingHandler channelRead
INFO: Detected HTTP/2 connection.

[debug] [2020-05-08T12:24:39.712Z] May 08, 2020 2:24:39 PM com.google.cloud.datastore.emulator.impl.util.WrappedStreamObserver onError
INFO: operation failed: 
Null value error. for 'create' @ L26

[debug] [2020-05-08T12:24:39.789Z] May 08, 2020 2:24:39 PM com.google.cloud.datastore.emulator.impl.util.WrappedStreamObserver onError
INFO: operation failed: 
false for 'create' @ L26

[debug] [2020-05-08T12:24:40.070Z] May 08, 2020 2:24:40 PM com.google.cloud.datastore.emulator.impl.util.WrappedStreamObserver onError
INFO: operation failed: 
Null value error. for 'create' @ L32

[debug] [2020-05-08T12:24:40.132Z] May 08, 2020 2:24:40 PM com.google.cloud.datastore.emulator.impl.util.WrappedStreamObserver onError
INFO: operation failed: 
false for 'update' @ L32

[debug] [2020-05-08T12:24:40.401Z] May 08, 2020 2:24:40 PM com.google.cloud.datastore.emulator.impl.util.WrappedStreamObserver onError
INFO: operation failed: 
Null value error. for 'create' @ L38

[debug] [2020-05-08T12:24:40.454Z] May 08, 2020 2:24:40 PM com.google.cloud.datastore.emulator.impl.util.WrappedStreamObserver onError
INFO: operation failed: 
Null value error. for 'create' @ L38

[debug] [2020-05-08T12:25:28.021Z] May 08, 2020 2:25:28 PM io.gapi.emulators.netty.HttpVersionRoutingHandler channelRead
INFO: Detected HTTP/2 connection.

[debug] [2020-05-08T12:25:28.107Z] May 08, 2020 2:25:28 PM io.gapi.emulators.netty.HttpVersionRoutingHandler channelRead
INFO: Detected HTTP/2 connection.

[debug] [2020-05-08T12:25:28.163Z] May 08, 2020 2:25:28 PM com.google.cloud.datastore.emulator.impl.util.WrappedStreamObserver onError
INFO: operation failed: 
Null value error. for 'create' @ L26

[debug] [2020-05-08T12:25:28.250Z] May 08, 2020 2:25:28 PM com.google.cloud.datastore.emulator.impl.util.WrappedStreamObserver onError
INFO: operation failed: 
false for 'create' @ L26

[debug] [2020-05-08T12:25:28.560Z] May 08, 2020 2:25:28 PM com.google.cloud.datastore.emulator.impl.util.WrappedStreamObserver onError
INFO: operation failed: 
Null value error. for 'create' @ L32

[debug] [2020-05-08T12:25:28.618Z] May 08, 2020 2:25:28 PM com.google.cloud.datastore.emulator.impl.util.WrappedStreamObserver onError
INFO: operation failed: 
false for 'update' @ L32

[debug] [2020-05-08T12:25:28.879Z] May 08, 2020 2:25:28 PM com.google.cloud.datastore.emulator.impl.util.WrappedStreamObserver onError
INFO: operation failed: 
Null value error. for 'create' @ L38

[debug] [2020-05-08T12:25:28.926Z] May 08, 2020 2:25:28 PM com.google.cloud.datastore.emulator.impl.util.WrappedStreamObserver onError
INFO: operation failed: 
Null value error. for 'create' @ L38

